
*** Running vivado
    with args -log afifo_splitter_mem.vds -m64 -product Vivado -mode batch -messageDb vivado.pb -notrace -source afifo_splitter_mem.tcl


****** Vivado v2016.4 (64-bit)
  **** SW Build 1756540 on Mon Jan 23 19:11:19 MST 2017
  **** IP Build 1755317 on Mon Jan 23 20:30:07 MST 2017
    ** Copyright 1986-2016 Xilinx, Inc. All Rights Reserved.

source afifo_splitter_mem.tcl -notrace
Starting RTL Elaboration : Time (s): cpu = 00:00:08 ; elapsed = 00:00:08 . Memory (MB): peak = 1152.270 ; gain = 214.895 ; free physical = 3656 ; free virtual = 13690
INFO: [Synth 8-638] synthesizing module 'afifo_splitter_mem' [/home/alessandro/Documents/embedded_prj/vc707/system/vc707_system/vc707_system.srcs/sources_1/ip/afifo_splitter_mem/synth/afifo_splitter_mem.vhd:74]
INFO: [Synth 8-256] done synthesizing module 'afifo_splitter_mem' (11#1) [/home/alessandro/Documents/embedded_prj/vc707/system/vc707_system/vc707_system.srcs/sources_1/ip/afifo_splitter_mem/synth/afifo_splitter_mem.vhd:74]
Finished RTL Elaboration : Time (s): cpu = 00:00:12 ; elapsed = 00:00:13 . Memory (MB): peak = 1273.738 ; gain = 336.363 ; free physical = 3531 ; free virtual = 13568
Finished RTL Optimization Phase 1 : Time (s): cpu = 00:00:12 ; elapsed = 00:00:13 . Memory (MB): peak = 1273.738 ; gain = 336.363 ; free physical = 3531 ; free virtual = 13568
INFO: [Device 21-403] Loading part xc7vx485tffg1761-2
Constraint Validation Runtime : Time (s): cpu = 00:00:00.02 ; elapsed = 00:00:00.01 . Memory (MB): peak = 1580.035 ; gain = 0.000 ; free physical = 3267 ; free virtual = 13327
Finished Constraint Validation : Time (s): cpu = 00:00:29 ; elapsed = 00:00:30 . Memory (MB): peak = 1580.035 ; gain = 642.660 ; free physical = 3267 ; free virtual = 13327
Finished Loading Part and Timing Information : Time (s): cpu = 00:00:29 ; elapsed = 00:00:30 . Memory (MB): peak = 1580.035 ; gain = 642.660 ; free physical = 3267 ; free virtual = 13327
Finished applying 'set_property' XDC Constraints : Time (s): cpu = 00:00:29 ; elapsed = 00:00:30 . Memory (MB): peak = 1580.035 ; gain = 642.660 ; free physical = 3267 ; free virtual = 13327
Finished RTL Optimization Phase 2 : Time (s): cpu = 00:00:29 ; elapsed = 00:00:30 . Memory (MB): peak = 1580.035 ; gain = 642.660 ; free physical = 3267 ; free virtual = 13327
Finished Cross Boundary and Area Optimization : Time (s): cpu = 00:00:30 ; elapsed = 00:00:30 . Memory (MB): peak = 1580.035 ; gain = 642.660 ; free physical = 3265 ; free virtual = 13326
Finished Applying XDC Timing Constraints : Time (s): cpu = 00:00:37 ; elapsed = 00:00:37 . Memory (MB): peak = 1580.035 ; gain = 642.660 ; free physical = 3238 ; free virtual = 13306
Finished Timing Optimization : Time (s): cpu = 00:00:37 ; elapsed = 00:00:37 . Memory (MB): peak = 1580.035 ; gain = 642.660 ; free physical = 3229 ; free virtual = 13297
Finished Technology Mapping : Time (s): cpu = 00:00:37 ; elapsed = 00:00:37 . Memory (MB): peak = 1588.059 ; gain = 650.684 ; free physical = 3218 ; free virtual = 13286
Finished IO Insertion : Time (s): cpu = 00:00:37 ; elapsed = 00:00:38 . Memory (MB): peak = 1588.059 ; gain = 650.684 ; free physical = 3218 ; free virtual = 13286
Finished Renaming Generated Instances : Time (s): cpu = 00:00:37 ; elapsed = 00:00:38 . Memory (MB): peak = 1588.059 ; gain = 650.684 ; free physical = 3218 ; free virtual = 13286
Finished Rebuilding User Hierarchy : Time (s): cpu = 00:00:37 ; elapsed = 00:00:38 . Memory (MB): peak = 1588.059 ; gain = 650.684 ; free physical = 3218 ; free virtual = 13286
Finished Renaming Generated Ports : Time (s): cpu = 00:00:37 ; elapsed = 00:00:38 . Memory (MB): peak = 1588.059 ; gain = 650.684 ; free physical = 3218 ; free virtual = 13286
Finished Handling Custom Attributes : Time (s): cpu = 00:00:37 ; elapsed = 00:00:38 . Memory (MB): peak = 1588.059 ; gain = 650.684 ; free physical = 3217 ; free virtual = 13286
Finished Renaming Generated Nets : Time (s): cpu = 00:00:37 ; elapsed = 00:00:38 . Memory (MB): peak = 1588.059 ; gain = 650.684 ; free physical = 3217 ; free virtual = 13286

Report Cell Usage: 
+------+---------+------+
|      |Cell     |Count |
+------+---------+------+
|1     |FIFO36E1 |     2|
|2     |LUT1     |     8|
|3     |LUT2     |     6|
|4     |LUT3     |     2|
|5     |SRL16E   |     2|
|6     |FDCE     |     1|
|7     |FDPE     |     6|
|8     |FDRE     |    14|
+------+---------+------+
Finished Writing Synthesis Report : Time (s): cpu = 00:00:37 ; elapsed = 00:00:38 . Memory (MB): peak = 1588.059 ; gain = 650.684 ; free physical = 3217 ; free virtual = 13286
synth_design: Time (s): cpu = 00:00:35 ; elapsed = 00:00:36 . Memory (MB): peak = 1605.059 ; gain = 579.180 ; free physical = 3199 ; free virtual = 13271
