
*** Running vivado
    with args -log afifo_mem_splitter.vds -m64 -product Vivado -mode batch -messageDb vivado.pb -notrace -source afifo_mem_splitter.tcl


****** Vivado v2016.4 (64-bit)
  **** SW Build 1756540 on Mon Jan 23 19:11:19 MST 2017
  **** IP Build 1755317 on Mon Jan 23 20:30:07 MST 2017
    ** Copyright 1986-2016 Xilinx, Inc. All Rights Reserved.

source afifo_mem_splitter.tcl -notrace
Starting RTL Elaboration : Time (s): cpu = 00:00:08 ; elapsed = 00:00:08 . Memory (MB): peak = 1152.273 ; gain = 214.895 ; free physical = 3614 ; free virtual = 13688
INFO: [Synth 8-638] synthesizing module 'afifo_mem_splitter' [/home/alessandro/Documents/embedded_prj/vc707/system/vc707_system/vc707_system.srcs/sources_1/ip/afifo_mem_splitter/synth/afifo_mem_splitter.vhd:74]
INFO: [Synth 8-256] done synthesizing module 'afifo_mem_splitter' (11#1) [/home/alessandro/Documents/embedded_prj/vc707/system/vc707_system/vc707_system.srcs/sources_1/ip/afifo_mem_splitter/synth/afifo_mem_splitter.vhd:74]
Finished RTL Elaboration : Time (s): cpu = 00:00:12 ; elapsed = 00:00:12 . Memory (MB): peak = 1273.742 ; gain = 336.363 ; free physical = 3490 ; free virtual = 13563
Finished RTL Optimization Phase 1 : Time (s): cpu = 00:00:12 ; elapsed = 00:00:13 . Memory (MB): peak = 1273.742 ; gain = 336.363 ; free physical = 3489 ; free virtual = 13563
INFO: [Device 21-403] Loading part xc7vx485tffg1761-2
Constraint Validation Runtime : Time (s): cpu = 00:00:00.02 ; elapsed = 00:00:00.02 . Memory (MB): peak = 1580.039 ; gain = 0.000 ; free physical = 3248 ; free virtual = 13323
Finished Constraint Validation : Time (s): cpu = 00:00:30 ; elapsed = 00:00:30 . Memory (MB): peak = 1580.039 ; gain = 642.660 ; free physical = 2954 ; free virtual = 13043
Finished Loading Part and Timing Information : Time (s): cpu = 00:00:30 ; elapsed = 00:00:30 . Memory (MB): peak = 1580.039 ; gain = 642.660 ; free physical = 2954 ; free virtual = 13043
Finished applying 'set_property' XDC Constraints : Time (s): cpu = 00:00:30 ; elapsed = 00:00:30 . Memory (MB): peak = 1580.039 ; gain = 642.660 ; free physical = 2954 ; free virtual = 13043
Finished RTL Optimization Phase 2 : Time (s): cpu = 00:00:30 ; elapsed = 00:00:30 . Memory (MB): peak = 1580.039 ; gain = 642.660 ; free physical = 2942 ; free virtual = 13025
Finished Cross Boundary and Area Optimization : Time (s): cpu = 00:00:30 ; elapsed = 00:00:31 . Memory (MB): peak = 1580.039 ; gain = 642.660 ; free physical = 2939 ; free virtual = 13022
Finished Applying XDC Timing Constraints : Time (s): cpu = 00:00:37 ; elapsed = 00:00:38 . Memory (MB): peak = 1580.039 ; gain = 642.660 ; free physical = 2932 ; free virtual = 13017
Finished Timing Optimization : Time (s): cpu = 00:00:37 ; elapsed = 00:00:38 . Memory (MB): peak = 1580.039 ; gain = 642.660 ; free physical = 2923 ; free virtual = 13008
Finished Technology Mapping : Time (s): cpu = 00:00:37 ; elapsed = 00:00:38 . Memory (MB): peak = 1587.055 ; gain = 649.676 ; free physical = 2914 ; free virtual = 12998
Finished IO Insertion : Time (s): cpu = 00:00:38 ; elapsed = 00:00:38 . Memory (MB): peak = 1587.055 ; gain = 649.676 ; free physical = 2915 ; free virtual = 13000
Finished Renaming Generated Instances : Time (s): cpu = 00:00:38 ; elapsed = 00:00:38 . Memory (MB): peak = 1587.055 ; gain = 649.676 ; free physical = 2915 ; free virtual = 13000
Finished Rebuilding User Hierarchy : Time (s): cpu = 00:00:38 ; elapsed = 00:00:38 . Memory (MB): peak = 1587.055 ; gain = 649.676 ; free physical = 2915 ; free virtual = 13000
Finished Renaming Generated Ports : Time (s): cpu = 00:00:38 ; elapsed = 00:00:38 . Memory (MB): peak = 1587.055 ; gain = 649.676 ; free physical = 2915 ; free virtual = 13000
Finished Handling Custom Attributes : Time (s): cpu = 00:00:38 ; elapsed = 00:00:38 . Memory (MB): peak = 1587.055 ; gain = 649.676 ; free physical = 2915 ; free virtual = 13000
Finished Renaming Generated Nets : Time (s): cpu = 00:00:38 ; elapsed = 00:00:38 . Memory (MB): peak = 1587.055 ; gain = 649.676 ; free physical = 2915 ; free virtual = 13000

Report Cell Usage: 
+------+---------+------+
|      |Cell     |Count |
+------+---------+------+
|1     |FIFO36E1 |     2|
|2     |LUT1     |     8|
|3     |LUT2     |     4|
|4     |LUT3     |     2|
|5     |SRL16E   |     1|
|6     |FDCE     |     1|
|7     |FDPE     |     5|
|8     |FDRE     |    13|
+------+---------+------+
Finished Writing Synthesis Report : Time (s): cpu = 00:00:38 ; elapsed = 00:00:38 . Memory (MB): peak = 1587.055 ; gain = 649.676 ; free physical = 2915 ; free virtual = 13000
synth_design: Time (s): cpu = 00:00:36 ; elapsed = 00:00:36 . Memory (MB): peak = 1605.055 ; gain = 579.172 ; free physical = 2886 ; free virtual = 12969
