Vivado Simulator 2016.4
Time resolution is 1 ps

 Entering Test Suite: uart_serializer
Test Beginning
Test Beginning
 + Running Test Case:                                                             test

                                                                                                                                                                                                                                                                                                                                                                                                                                                                                                                                                                                                                                                                                                                                                                                                                                                                                                                                                                                                                                                                                                                                                                                                                                                                                                                                                                                                                                                                                                                                                                                                                                                                                                                                                                                                                                                                                                                                                                                                                                                                                                                                                                                                                                                                                1585786663273348120064522427541368666159720879154111473327563788719307874248268111833434144350698665266631877641395471061690022386586535796089199475557997863079284888403333205618999851368993913863259675312777020700558621390426071889035777388023972427853065547548007989109220063222354743992948987328331351544693816423143615270877101540836041295683310801696074827104228816188366265195763480539734806155697312174186526150606964481195887267771932110184
                                                                                                                                                                                                                                                                                                                                                                                                                                                                                                                                                                                                                                                                                                                                                                                                                                                                                                                                                                                                                                                                                                                                                                                                                                                                                                                                                                                                                                                                                                                                                                                                                                                                                                                                                                                                                                                                                                                                                                                                                                                                                                                                                                                                                                                                                405961385797977118736517741450590378536888545063452537171856329912142815807556636629359140953778858308257760676197240591792645730966153163798835065742847452948296931431253300638463961950462441948994476880070917299343007075949074403593159011334136941530384780172290045211960336184922814462194940756052825995441617004324765509344537994454026571694927565234195155738682576944221763890115451018172110375858511916591750694555382907186147138028695243353448
        [PASSED] Test (test_sink) succeeded, [ab (expected) == ab]
        [PASSED] Test (test_sink) succeeded, [cd (expected) == cd]
        [PASSED] Test (test_sink) succeeded, [ef (expected) == ef]
        [PASSED] Test (test_sink) succeeded, [ab (expected) == ab]
        [PASSED] Test (test_sink) succeeded, [cd (expected) == cd]
        [PASSED] Test (test_sink) succeeded, [ef (expected) == ef]
        [PASSED] Test (test_sink) succeeded, [ab (expected) == ab]
        [PASSED] Test (test_sink) succeeded, [cd (expected) == cd]
        [PASSED] Test (test_sink) succeeded, [ef (expected) == ef]
        [PASSED] Test (test_sink) succeeded, [ab (expected) == ab]
        [PASSED] Test (test_sink) succeeded, [cd (expected) == cd]
        [PASSED] Test (test_sink) succeeded, [ef (expected) == ef]
        [PASSED] Test (test_sink) succeeded, [ab (expected) == ab]
        [PASSED] Test (test_sink) succeeded, [cd (expected) == cd]
        [PASSED] Test (test_sink) succeeded, [ef (expected) == ef]
        [PASSED] Test (test_sink) succeeded, [ab (expected) == ab]
        [PASSED] Test (test_sink) succeeded, [cd (expected) == cd]
        [PASSED] Test (test_sink) succeeded, [ef (expected) == ef]
        [PASSED] Test (test_sink) succeeded, [ab (expected) == ab]
        [PASSED] Test (test_sink) succeeded, [cd (expected) == cd]
        [PASSED] Test (test_sink) succeeded, [ef (expected) == ef]
        [PASSED] Test (test_sink) succeeded, [ab (expected) == ab]
        [PASSED] Test (test_sink) succeeded, [cd (expected) == cd]
        [PASSED] Test (test_sink) succeeded, [ef (expected) == ef]
        [PASSED] Test (test_sink) succeeded, [ab (expected) == ab]
        [PASSED] Test (test_sink) succeeded, [cd (expected) == cd]
        [PASSED] Test (test_sink) succeeded, [ef (expected) == ef]
        [PASSED] Test (test_sink) succeeded, [ab (expected) == ab]
        [PASSED] Test (test_sink) succeeded, [cd (expected) == cd]
        [PASSED] Test (test_sink) succeeded, [ef (expected) == ef]
        [PASSED] Test (test_sink) succeeded, [de (expected) == de]
        [PASSED] Test (test_sink) succeeded, [ad (expected) == ad]
        [PASSED] Test (test_sink) succeeded, [be (expected) == be]
        [PASSED] Test (test_sink) succeeded, [ef (expected) == ef]
        [PASSED] Test (test_sink) succeeded, [de (expected) == de]
        [PASSED] Test (test_sink) succeeded, [ad (expected) == ad]
        [PASSED] Test (test_sink) succeeded, [be (expected) == be]
        [PASSED] Test (test_sink) succeeded, [ef (expected) == ef]
        [PASSED] Test (test_sink) succeeded, [de (expected) == de]
        [PASSED] Test (test_sink) succeeded, [ad (expected) == ad]
        [PASSED] Test (test_sink) succeeded, [be (expected) == be]
        [PASSED] Test (test_sink) succeeded, [ef (expected) == ef]
        [PASSED] Test (test_sink) succeeded, [de (expected) == de]
        [PASSED] Test (test_sink) succeeded, [ad (expected) == ad]
        [PASSED] Test (test_sink) succeeded, [be (expected) == be]
        [PASSED] Test (test_sink) succeeded, [ef (expected) == ef]
        [PASSED] Test (test_sink) succeeded, [de (expected) == de]
        [PASSED] Test (test_sink) succeeded, [ad (expected) == ad]
        [PASSED] Test (test_sink) succeeded, [be (expected) == be]
        [PASSED] Test (test_sink) succeeded, [ef (expected) == ef]
        [PASSED] Test (test_sink) succeeded, [de (expected) == de]
        [PASSED] Test (test_sink) succeeded, [ad (expected) == ad]
        [PASSED] Test (test_sink) succeeded, [be (expected) == be]
        [PASSED] Test (test_sink) succeeded, [ef (expected) == ef]
        [PASSED] Test (test_sink) succeeded, [de (expected) == de]
        [PASSED] Test (test_sink) succeeded, [ad (expected) == ad]
        [PASSED] Test (test_sink) succeeded, [be (expected) == be]
        [PASSED] Test (test_sink) succeeded, [ef (expected) == ef]
        [PASSED] Test (test_sink) succeeded, [de (expected) == de]
        [PASSED] Test (test_sink) succeeded, [ad (expected) == ad]
        [PASSED] Test (test_sink) succeeded, [af (expected) == af]
        [PASSED] Test (test_sink) succeeded, [be (expected) == be]
        [PASSED] Test (test_sink) succeeded, [df (expected) == df]
        [PASSED] Test (test_sink) succeeded, [ae (expected) == ae]
        [PASSED] Test (test_sink) succeeded, [fd (expected) == fd]
        [PASSED] Test (test_sink) succeeded, [ab (expected) == ab]
        [PASSED] Test (test_sink) succeeded, [c8 (expected) == c8]
        [PASSED] Test (test_sink) succeeded, [41 (expected) == 41]
        [PASSED] Test (test_sink) succeeded, [36 (expected) == 36]
        [PASSED] Test (test_sink) succeeded, [21 (expected) == 21]
        [PASSED] Test (test_sink) succeeded, [45 (expected) == 45]
        [PASSED] Test (test_sink) succeeded, [24 (expected) == 24]
        [PASSED] Test (test_sink) succeeded, [1a (expected) == 1a]
        [PASSED] Test (test_sink) succeeded, [b9 (expected) == b9]
        [PASSED] Test (test_sink) succeeded, [c2 (expected) == c2]
        [PASSED] Test (test_sink) succeeded, [51 (expected) == 51]
        [PASSED] Test (test_sink) succeeded, [25 (expected) == 25]
        [PASSED] Test (test_sink) succeeded, [41 (expected) == 41]
        [PASSED] Test (test_sink) succeeded, [df (expected) == df]
        [PASSED] Test (test_sink) succeeded, [ea (expected) == ea]
        [PASSED] Test (test_sink) succeeded, [58 (expected) == 58]
        [PASSED] Test (test_sink) succeeded, [ab (expected) == ab]
        [PASSED] Test (test_sink) succeeded, [cd (expected) == cd]
        [PASSED] Test (test_sink) succeeded, [ef (expected) == ef]
        [PASSED] Test (test_sink) succeeded, [18 (expected) == 18]
        [PASSED] Test (test_sink) succeeded, [23 (expected) == 23]
        [PASSED] Test (test_sink) succeeded, [61 (expected) == 61]
        [PASSED] Test (test_sink) succeeded, [28 (expected) == 28]
        [PASSED] Test (test_sink) succeeded, [56 (expected) == 56]
        [PASSED] Test (test_sink) succeeded, [75 (expected) == 75]
        [PASSED] Test (test_sink) succeeded, [12 (expected) == 12]
        [PASSED] Test (test_sink) succeeded, [34 (expected) == 34]
        [PASSED] Test (test_sink) succeeded, [56 (expected) == 56]
        [PASSED] Test (test_sink) succeeded, [78 (expected) == 78]
        [PASSED] Test (test_sink) succeeded, [9a (expected) == 9a]
        [PASSED] Test (test_sink) succeeded, [bc (expected) == bc]
        [PASSED] Test (test_sink) succeeded, [de (expected) == de]
        [PASSED] Test (test_sink) succeeded, [f1 (expected) == f1]
        [PASSED] Test (test_sink) succeeded, [23 (expected) == 23]
        [PASSED] Test (test_sink) succeeded, [45 (expected) == 45]
        [PASSED] Test (test_sink) succeeded, [67 (expected) == 67]
        [PASSED] Test (test_sink) succeeded, [89 (expected) == 89]
        [PASSED] Test (test_sink) succeeded, [ab (expected) == ab]
        [PASSED] Test (test_sink) succeeded, [cd (expected) == cd]
        [PASSED] Test (test_sink) succeeded, [ef (expected) == ef]
        [PASSED] Test (test_sink) succeeded, [12 (expected) == 12]
        [PASSED] Test (test_sink) succeeded, [34 (expected) == 34]
        [PASSED] Test (test_sink) succeeded, [56 (expected) == 56]
        [PASSED] Test (test_sink) succeeded, [78 (expected) == 78]
        [PASSED] Test (test_sink) succeeded, [9a (expected) == 9a]
        [PASSED] Test (test_sink) succeeded, [bc (expected) == bc]
        [PASSED] Test (test_sink) succeeded, [de (expected) == de]
        [PASSED] Test (test_sink) succeeded, [f1 (expected) == f1]
        [PASSED] Test (test_sink) succeeded, [23 (expected) == 23]
        [PASSED] Test (test_sink) succeeded, [45 (expected) == 45]
        [PASSED] Test (test_sink) succeeded, [67 (expected) == 67]
        [PASSED] Test (test_sink) succeeded, [89 (expected) == 89]
        [PASSED] Test (test_sink) succeeded, [ab (expected) == ab]
        [PASSED] Test (test_sink) succeeded, [cd (expected) == cd]
        [PASSED] Test (test_sink) succeeded, [ef (expected) == ef]
        [PASSED] Test (test_sink) succeeded, [fe (expected) == fe]
        [PASSED] Test (test_sink) succeeded, [dc (expected) == dc]
        [PASSED] Test (test_sink) succeeded, [ba (expected) == ba]
        [PASSED] Test (test_sink) succeeded, [98 (expected) == 98]
        [PASSED] Test (test_sink) succeeded, [76 (expected) == 76]
        [PASSED] Test (test_sink) succeeded, [54 (expected) == 54]
        [PASSED] Test (test_sink) succeeded, [32 (expected) == 32]
        [PASSED] Test (test_sink) succeeded, [1f (expected) == 1f]
        [PASSED] Test (test_sink) succeeded, [ed (expected) == ed]
        [PASSED] Test (test_sink) succeeded, [cb (expected) == cb]
        [PASSED] Test (test_sink) succeeded, [a9 (expected) == a9]
        [PASSED] Test (test_sink) succeeded, [87 (expected) == 87]
        [PASSED] Test (test_sink) succeeded, [65 (expected) == 65]
        [PASSED] Test (test_sink) succeeded, [43 (expected) == 43]
        [PASSED] Test (test_sink) succeeded, [21 (expected) == 21]
        [PASSED] Test (test_sink) succeeded, [fe (expected) == fe]
        [PASSED] Test (test_sink) succeeded, [dc (expected) == dc]
        [PASSED] Test (test_sink) succeeded, [ba (expected) == ba]
        [PASSED] Test (test_sink) succeeded, [98 (expected) == 98]
        [PASSED] Test (test_sink) succeeded, [76 (expected) == 76]
        [PASSED] Test (test_sink) succeeded, [54 (expected) == 54]
        [PASSED] Test (test_sink) succeeded, [32 (expected) == 32]
        [PASSED] Test (test_sink) succeeded, [1f (expected) == 1f]
        [PASSED] Test (test_sink) succeeded, [ed (expected) == ed]
        [PASSED] Test (test_sink) succeeded, [cb (expected) == cb]
        [PASSED] Test (test_sink) succeeded, [a9 (expected) == a9]
        [PASSED] Test (test_sink) succeeded, [87 (expected) == 87]
        [PASSED] Test (test_sink) succeeded, [65 (expected) == 65]
        [PASSED] Test (test_sink) succeeded, [43 (expected) == 43]
        [PASSED] Test (test_sink) succeeded, [21 (expected) == 21]
        [PASSED] Test (test_sink) succeeded, [97 (expected) == 97]
        [PASSED] Test (test_sink) succeeded, [62 (expected) == 62]
        [PASSED] Test (test_sink) succeeded, [17 (expected) == 17]
        [PASSED] Test (test_sink) succeeded, [09 (expected) == 09]
        [PASSED] Test (test_sink) succeeded, [81 (expected) == 81]
        [PASSED] Test (test_sink) succeeded, [25 (expected) == 25]
        [PASSED] Test (test_sink) succeeded, [09 (expected) == 09]
        [PASSED] Test (test_sink) succeeded, [87 (expected) == 87]
        [PASSED] Test (test_sink) succeeded, [28 (expected) == 28]
        [PASSED] Test (test_sink) succeeded, [17 (expected) == 17]
        [PASSED] Test (test_sink) succeeded, [69 (expected) == 69]
        [PASSED] Test (test_sink) succeeded, [87 (expected) == 87]
        [PASSED] Test (test_sink) succeeded, [12 (expected) == 12]
        [PASSED] Test (test_sink) succeeded, [53 (expected) == 53]
        [PASSED] Test (test_sink) succeeded, [28 (expected) == 28]
        [PASSED] Test (test_sink) succeeded, [76 (expected) == 76]
        [PASSED] Test (test_sink) succeeded, [52 (expected) == 52]
        [PASSED] Test (test_sink) succeeded, [39 (expected) == 39]
        [PASSED] Test (test_sink) succeeded, [18 (expected) == 18]
        [PASSED] Test (test_sink) succeeded, [76 (expected) == 76]
        [PASSED] Test (test_sink) succeeded, [29 (expected) == 29]
        [PASSED] Test (test_sink) succeeded, [47 (expected) == 47]
        [PASSED] Test (test_sink) succeeded, [51 (expected) == 51]
        [PASSED] Test (test_sink) succeeded, [28 (expected) == 28]
        [PASSED] Test (test_sink) succeeded, [79 (expected) == 79]
        [PASSED] Test (test_sink) succeeded, [52 (expected) == 52]
        [PASSED] Test (test_sink) succeeded, [39 (expected) == 39]
        [PASSED] Test (test_sink) succeeded, [81 (expected) == 81]
        [PASSED] Test (test_sink) succeeded, [52 (expected) == 52]
        [PASSED] Test (test_sink) succeeded, [18 (expected) == 18]
        [PASSED] Test (test_sink) succeeded, [12 (expected) == 12]
        [PASSED] Test (test_sink) succeeded, [97 (expected) == 97]
        [PASSED] Test (test_sink) succeeded, [82 (expected) == 82]
        [PASSED] Test (test_sink) succeeded, [14 (expected) == 14]
        [PASSED] Test (test_sink) succeeded, [09 (expected) == 09]
        [PASSED] Test (test_sink) succeeded, [78 (expected) == 78]
        [PASSED] Test (test_sink) succeeded, [23 (expected) == 23]
        [PASSED] Test (test_sink) succeeded, [97 (expected) == 97]
        [PASSED] Test (test_sink) succeeded, [86 (expected) == 86]
        [PASSED] Test (test_sink) succeeded, [10 (expected) == 10]
        [PASSED] Test (test_sink) succeeded, [97 (expected) == 97]
        [PASSED] Test (test_sink) succeeded, [52 (expected) == 52]
        [PASSED] Test (test_sink) succeeded, [31 (expected) == 31]
        [PASSED] Test (test_sink) succeeded, [68 (expected) == 68]
        [PASSED] Test (test_sink) succeeded, [25 (expected) == 25]
        [PASSED] Test (test_sink) succeeded, [41 (expected) == 41]
        [PASSED] Test (test_sink) succeeded, [12 (expected) == 12]
        [PASSED] Test (test_sink) succeeded, [87 (expected) == 87]
        [PASSED] Test (test_sink) succeeded, [52 (expected) == 52]
        [PASSED] Test (test_sink) succeeded, [37 (expected) == 37]
        [PASSED] Test (test_sink) succeeded, [89 (expected) == 89]
        [PASSED] Test (test_sink) succeeded, [32 (expected) == 32]
        [PASSED] Test (test_sink) succeeded, [78 (expected) == 78]
        [PASSED] Test (test_sink) succeeded, [23 (expected) == 23]
        [PASSED] Test (test_sink) succeeded, [72 (expected) == 72]
        [PASSED] Test (test_sink) succeeded, [49 (expected) == 49]
        [PASSED] Test (test_sink) succeeded, [82 (expected) == 82]
        [PASSED] Test (test_sink) succeeded, [32 (expected) == 32]
        [PASSED] Test (test_sink) succeeded, [87 (expected) == 87]
        [PASSED] Test (test_sink) succeeded, [44 (expected) == 44]
        [PASSED] Test (test_sink) succeeded, [19 (expected) == 19]
        [PASSED] Test (test_sink) succeeded, [87 (expected) == 87]
        [PASSED] Test (test_sink) succeeded, [23 (expected) == 23]
        [PASSED] Test (test_sink) succeeded, [98 (expected) == 98]
        [PASSED] Test (test_sink) succeeded, [72 (expected) == 72]
        [PASSED] Test (test_sink) succeeded, [39 (expected) == 39]
        [PASSED] Test (test_sink) succeeded, [76 (expected) == 76]
        [PASSED] Test (test_sink) succeeded, [59 (expected) == 59]
        [PASSED] Test (test_sink) succeeded, [87 (expected) == 87]
        [PASSED] Test (test_sink) succeeded, [ab (expected) == ab]
        [PASSED] Test (test_sink) succeeded, [e9 (expected) == e9]
        [PASSED] Test (test_sink) succeeded, [87 (expected) == 87]
        [PASSED] Test (test_sink) succeeded, [17 (expected) == 17]
        [PASSED] Test (test_sink) succeeded, [ab (expected) == ab]
        [PASSED] Test (test_sink) succeeded, [ce (expected) == ce]
        [PASSED] Test (test_sink) succeeded, [f1 (expected) == f1]
        [PASSED] Test (test_sink) succeeded, [87 (expected) == 87]
        [PASSED] Test (test_sink) succeeded, [53 (expected) == 53]
        [PASSED] Test (test_sink) succeeded, [10 (expected) == 10]
        [PASSED] Test (test_sink) succeeded, [87 (expected) == 87]
        [PASSED] Test (test_sink) succeeded, [6f (expected) == 6f]
        [PASSED] Test (test_sink) succeeded, [ab (expected) == ab]
        [PASSED] Test (test_sink) succeeded, [c8 (expected) == c8]
        [PASSED] Test (test_sink) succeeded, [97 (expected) == 97]
        [PASSED] Test (test_sink) succeeded, [1a (expected) == 1a]
        [PASSED] Test (test_sink) succeeded, [ef (expected) == ef]
        [PASSED] Test (test_sink) succeeded, [de (expected) == de]
        [PASSED] Test (test_sink) succeeded, [fc (expected) == fc]
        [PASSED] Test (test_sink) succeeded, [a9 (expected) == a9]
        [PASSED] Test (test_sink) succeeded, [87 (expected) == 87]
        [PASSED] Test (Timeout check) succeeded 
Simulation -> PASS (HIT GOOD TRAP)

$finish called at time : 1015500 ns : File "/home/alessandro/Documents/embedded_prj/vc707/system/vc707_system/vc707_system.srcs/sim_1/imports/uart_serializer/uart_serializer_top.v" Line 179

 Entering Test Suite: uart_serializer
Test Beginning
Test Beginning
 + Running Test Case:                                                             test

                                                                                                                                                                                                                                                                                                                                                                                                                                                                                                                                                                                                                                                                                                                                                                                                                                                                                                                                                                                                                                                                                                                                                                                                                                                                                                                                                                                                                                                                                                                                                                                                                                                                                                                                                                                                                                                                                                                                                                                                                                                                                                                                                                                                                                                                                1585786663273348120064522427541368666159720879154111473327563788719307874248268111833434144350698665266631877641395471061690022386586535796089199475557997863079284888403333205618999851368993913863259675312777020700558621390426071889035777388023972427853065547548007989109220063222354743992948987328331351544693816423143615270877101540836041295683310801696074827104228816188366265195763480539734806155697312174186526150606964481195887267771932110184
                                                                                                                                                                                                                                                                                                                                                                                                                                                                                                                                                                                                                                                                                                                                                                                                                                                                                                                                                                                                                                                                                                                                                                                                                                                                                                                                                                                                                                                                                                                                                                                                                                                                                                                                                                                                                                                                                                                                                                                                                                                                                                                                                                                                                                                                                405961385797977118736517741450590378536888545063452537171856329912142815807556636629359140953778858308257760676197240591792645730966153163798835065742847452948296931431253300638463961950462441948994476880070917299343007075949074403593159011334136941530384780172290045211960336184922814462194940756052825995441617004324765509344537994454026571694927565234195155738682576944221763890115451018172110375858511916591750694555382907186147138028695243353448
        [PASSED] Test (test_sink) succeeded, [ab (expected) == ab]
        [PASSED] Test (test_sink) succeeded, [cd (expected) == cd]
        [PASSED] Test (test_sink) succeeded, [ef (expected) == ef]
        [PASSED] Test (test_sink) succeeded, [ab (expected) == ab]
        [PASSED] Test (test_sink) succeeded, [cd (expected) == cd]
        [PASSED] Test (test_sink) succeeded, [ef (expected) == ef]
        [PASSED] Test (test_sink) succeeded, [ab (expected) == ab]
        [PASSED] Test (test_sink) succeeded, [cd (expected) == cd]
        [PASSED] Test (test_sink) succeeded, [ef (expected) == ef]
        [PASSED] Test (test_sink) succeeded, [ab (expected) == ab]
        [PASSED] Test (test_sink) succeeded, [cd (expected) == cd]
        [PASSED] Test (test_sink) succeeded, [ef (expected) == ef]
        [PASSED] Test (test_sink) succeeded, [ab (expected) == ab]
        [PASSED] Test (test_sink) succeeded, [cd (expected) == cd]
        [PASSED] Test (test_sink) succeeded, [ef (expected) == ef]
        [PASSED] Test (test_sink) succeeded, [ab (expected) == ab]
        [PASSED] Test (test_sink) succeeded, [cd (expected) == cd]
        [PASSED] Test (test_sink) succeeded, [ef (expected) == ef]
        [PASSED] Test (test_sink) succeeded, [ab (expected) == ab]
        [PASSED] Test (test_sink) succeeded, [cd (expected) == cd]
        [PASSED] Test (test_sink) succeeded, [ef (expected) == ef]
        [PASSED] Test (test_sink) succeeded, [ab (expected) == ab]
        [PASSED] Test (test_sink) succeeded, [cd (expected) == cd]
        [PASSED] Test (test_sink) succeeded, [ef (expected) == ef]
        [PASSED] Test (test_sink) succeeded, [ab (expected) == ab]
        [PASSED] Test (test_sink) succeeded, [cd (expected) == cd]
        [PASSED] Test (test_sink) succeeded, [ef (expected) == ef]
        [PASSED] Test (test_sink) succeeded, [ab (expected) == ab]
        [PASSED] Test (test_sink) succeeded, [cd (expected) == cd]
        [PASSED] Test (test_sink) succeeded, [ef (expected) == ef]
        [PASSED] Test (test_sink) succeeded, [de (expected) == de]
        [PASSED] Test (test_sink) succeeded, [ad (expected) == ad]
        [PASSED] Test (test_sink) succeeded, [be (expected) == be]
        [PASSED] Test (test_sink) succeeded, [ef (expected) == ef]
        [PASSED] Test (test_sink) succeeded, [de (expected) == de]
        [PASSED] Test (test_sink) succeeded, [ad (expected) == ad]
        [PASSED] Test (test_sink) succeeded, [be (expected) == be]
        [PASSED] Test (test_sink) succeeded, [ef (expected) == ef]
        [PASSED] Test (test_sink) succeeded, [de (expected) == de]
        [PASSED] Test (test_sink) succeeded, [ad (expected) == ad]
        [PASSED] Test (test_sink) succeeded, [be (expected) == be]
        [PASSED] Test (test_sink) succeeded, [ef (expected) == ef]
        [PASSED] Test (test_sink) succeeded, [de (expected) == de]
        [PASSED] Test (test_sink) succeeded, [ad (expected) == ad]
        [PASSED] Test (test_sink) succeeded, [be (expected) == be]
        [PASSED] Test (test_sink) succeeded, [ef (expected) == ef]
        [PASSED] Test (test_sink) succeeded, [de (expected) == de]
        [PASSED] Test (test_sink) succeeded, [ad (expected) == ad]
        [PASSED] Test (test_sink) succeeded, [be (expected) == be]
        [PASSED] Test (test_sink) succeeded, [ef (expected) == ef]
        [PASSED] Test (test_sink) succeeded, [de (expected) == de]
        [PASSED] Test (test_sink) succeeded, [ad (expected) == ad]
        [PASSED] Test (test_sink) succeeded, [be (expected) == be]
        [PASSED] Test (test_sink) succeeded, [ef (expected) == ef]
        [PASSED] Test (test_sink) succeeded, [de (expected) == de]
        [PASSED] Test (test_sink) succeeded, [ad (expected) == ad]
        [PASSED] Test (test_sink) succeeded, [be (expected) == be]
        [PASSED] Test (test_sink) succeeded, [ef (expected) == ef]
        [PASSED] Test (test_sink) succeeded, [de (expected) == de]
        [PASSED] Test (test_sink) succeeded, [ad (expected) == ad]
        [PASSED] Test (test_sink) succeeded, [af (expected) == af]
        [PASSED] Test (test_sink) succeeded, [be (expected) == be]
        [PASSED] Test (test_sink) succeeded, [df (expected) == df]
        [PASSED] Test (test_sink) succeeded, [ae (expected) == ae]
        [PASSED] Test (test_sink) succeeded, [fd (expected) == fd]
        [PASSED] Test (test_sink) succeeded, [ab (expected) == ab]
        [PASSED] Test (test_sink) succeeded, [c8 (expected) == c8]
        [PASSED] Test (test_sink) succeeded, [41 (expected) == 41]
        [PASSED] Test (test_sink) succeeded, [36 (expected) == 36]
        [PASSED] Test (test_sink) succeeded, [21 (expected) == 21]
        [PASSED] Test (test_sink) succeeded, [45 (expected) == 45]
        [PASSED] Test (test_sink) succeeded, [24 (expected) == 24]
        [PASSED] Test (test_sink) succeeded, [1a (expected) == 1a]
        [PASSED] Test (test_sink) succeeded, [b9 (expected) == b9]
        [PASSED] Test (test_sink) succeeded, [c2 (expected) == c2]
        [PASSED] Test (test_sink) succeeded, [51 (expected) == 51]
        [PASSED] Test (test_sink) succeeded, [25 (expected) == 25]
        [PASSED] Test (test_sink) succeeded, [41 (expected) == 41]
        [PASSED] Test (test_sink) succeeded, [df (expected) == df]
        [PASSED] Test (test_sink) succeeded, [ea (expected) == ea]
        [PASSED] Test (test_sink) succeeded, [58 (expected) == 58]
        [PASSED] Test (test_sink) succeeded, [ab (expected) == ab]
        [PASSED] Test (test_sink) succeeded, [cd (expected) == cd]
        [PASSED] Test (test_sink) succeeded, [ef (expected) == ef]
        [PASSED] Test (test_sink) succeeded, [18 (expected) == 18]
        [PASSED] Test (test_sink) succeeded, [23 (expected) == 23]
        [PASSED] Test (test_sink) succeeded, [61 (expected) == 61]
        [PASSED] Test (test_sink) succeeded, [28 (expected) == 28]
        [PASSED] Test (test_sink) succeeded, [56 (expected) == 56]
        [PASSED] Test (test_sink) succeeded, [75 (expected) == 75]
        [PASSED] Test (test_sink) succeeded, [12 (expected) == 12]
        [PASSED] Test (test_sink) succeeded, [34 (expected) == 34]
        [PASSED] Test (test_sink) succeeded, [56 (expected) == 56]
        [PASSED] Test (test_sink) succeeded, [78 (expected) == 78]
        [PASSED] Test (test_sink) succeeded, [9a (expected) == 9a]
        [PASSED] Test (test_sink) succeeded, [bc (expected) == bc]
        [PASSED] Test (test_sink) succeeded, [de (expected) == de]
        [PASSED] Test (test_sink) succeeded, [f1 (expected) == f1]
        [PASSED] Test (test_sink) succeeded, [23 (expected) == 23]
        [PASSED] Test (test_sink) succeeded, [45 (expected) == 45]
        [PASSED] Test (test_sink) succeeded, [67 (expected) == 67]
        [PASSED] Test (test_sink) succeeded, [89 (expected) == 89]
        [PASSED] Test (test_sink) succeeded, [ab (expected) == ab]
        [PASSED] Test (test_sink) succeeded, [cd (expected) == cd]
        [PASSED] Test (test_sink) succeeded, [ef (expected) == ef]
        [PASSED] Test (test_sink) succeeded, [12 (expected) == 12]
        [PASSED] Test (test_sink) succeeded, [34 (expected) == 34]
        [PASSED] Test (test_sink) succeeded, [56 (expected) == 56]
        [PASSED] Test (test_sink) succeeded, [78 (expected) == 78]
        [PASSED] Test (test_sink) succeeded, [9a (expected) == 9a]
        [PASSED] Test (test_sink) succeeded, [bc (expected) == bc]
        [PASSED] Test (test_sink) succeeded, [de (expected) == de]
        [PASSED] Test (test_sink) succeeded, [f1 (expected) == f1]
        [PASSED] Test (test_sink) succeeded, [23 (expected) == 23]
        [PASSED] Test (test_sink) succeeded, [45 (expected) == 45]
        [PASSED] Test (test_sink) succeeded, [67 (expected) == 67]
        [PASSED] Test (test_sink) succeeded, [89 (expected) == 89]
        [PASSED] Test (test_sink) succeeded, [ab (expected) == ab]
        [PASSED] Test (test_sink) succeeded, [cd (expected) == cd]
        [PASSED] Test (test_sink) succeeded, [ef (expected) == ef]
        [PASSED] Test (test_sink) succeeded, [fe (expected) == fe]
        [PASSED] Test (test_sink) succeeded, [dc (expected) == dc]
        [PASSED] Test (test_sink) succeeded, [ba (expected) == ba]
        [PASSED] Test (test_sink) succeeded, [98 (expected) == 98]
        [PASSED] Test (test_sink) succeeded, [76 (expected) == 76]
        [PASSED] Test (test_sink) succeeded, [54 (expected) == 54]
        [PASSED] Test (test_sink) succeeded, [32 (expected) == 32]
        [PASSED] Test (test_sink) succeeded, [1f (expected) == 1f]
        [PASSED] Test (test_sink) succeeded, [ed (expected) == ed]
        [PASSED] Test (test_sink) succeeded, [cb (expected) == cb]
        [PASSED] Test (test_sink) succeeded, [a9 (expected) == a9]
        [PASSED] Test (test_sink) succeeded, [87 (expected) == 87]
        [PASSED] Test (test_sink) succeeded, [65 (expected) == 65]
        [PASSED] Test (test_sink) succeeded, [43 (expected) == 43]
        [PASSED] Test (test_sink) succeeded, [21 (expected) == 21]
        [PASSED] Test (test_sink) succeeded, [fe (expected) == fe]
        [PASSED] Test (test_sink) succeeded, [dc (expected) == dc]
        [PASSED] Test (test_sink) succeeded, [ba (expected) == ba]
        [PASSED] Test (test_sink) succeeded, [98 (expected) == 98]
        [PASSED] Test (test_sink) succeeded, [76 (expected) == 76]
        [PASSED] Test (test_sink) succeeded, [54 (expected) == 54]
        [PASSED] Test (test_sink) succeeded, [32 (expected) == 32]
        [PASSED] Test (test_sink) succeeded, [1f (expected) == 1f]
        [PASSED] Test (test_sink) succeeded, [ed (expected) == ed]
        [PASSED] Test (test_sink) succeeded, [cb (expected) == cb]
        [PASSED] Test (test_sink) succeeded, [a9 (expected) == a9]
        [PASSED] Test (test_sink) succeeded, [87 (expected) == 87]
        [PASSED] Test (test_sink) succeeded, [65 (expected) == 65]
        [PASSED] Test (test_sink) succeeded, [43 (expected) == 43]
        [PASSED] Test (test_sink) succeeded, [21 (expected) == 21]
        [PASSED] Test (test_sink) succeeded, [97 (expected) == 97]
        [PASSED] Test (test_sink) succeeded, [62 (expected) == 62]
        [PASSED] Test (test_sink) succeeded, [17 (expected) == 17]
        [PASSED] Test (test_sink) succeeded, [09 (expected) == 09]
        [PASSED] Test (test_sink) succeeded, [81 (expected) == 81]
        [PASSED] Test (test_sink) succeeded, [25 (expected) == 25]
        [PASSED] Test (test_sink) succeeded, [09 (expected) == 09]
        [PASSED] Test (test_sink) succeeded, [87 (expected) == 87]
        [PASSED] Test (test_sink) succeeded, [28 (expected) == 28]
        [PASSED] Test (test_sink) succeeded, [17 (expected) == 17]
        [PASSED] Test (test_sink) succeeded, [69 (expected) == 69]
        [PASSED] Test (test_sink) succeeded, [87 (expected) == 87]
        [PASSED] Test (test_sink) succeeded, [12 (expected) == 12]
        [PASSED] Test (test_sink) succeeded, [53 (expected) == 53]
        [PASSED] Test (test_sink) succeeded, [28 (expected) == 28]
        [PASSED] Test (test_sink) succeeded, [76 (expected) == 76]
        [PASSED] Test (test_sink) succeeded, [52 (expected) == 52]
        [PASSED] Test (test_sink) succeeded, [39 (expected) == 39]
        [PASSED] Test (test_sink) succeeded, [18 (expected) == 18]
        [PASSED] Test (test_sink) succeeded, [76 (expected) == 76]
        [PASSED] Test (test_sink) succeeded, [29 (expected) == 29]
        [PASSED] Test (test_sink) succeeded, [47 (expected) == 47]
        [PASSED] Test (test_sink) succeeded, [51 (expected) == 51]
        [PASSED] Test (test_sink) succeeded, [28 (expected) == 28]
        [PASSED] Test (test_sink) succeeded, [79 (expected) == 79]
        [PASSED] Test (test_sink) succeeded, [52 (expected) == 52]
        [PASSED] Test (test_sink) succeeded, [39 (expected) == 39]
        [PASSED] Test (test_sink) succeeded, [81 (expected) == 81]
        [PASSED] Test (test_sink) succeeded, [52 (expected) == 52]
        [PASSED] Test (test_sink) succeeded, [18 (expected) == 18]
        [PASSED] Test (test_sink) succeeded, [12 (expected) == 12]
        [PASSED] Test (test_sink) succeeded, [97 (expected) == 97]
        [PASSED] Test (test_sink) succeeded, [82 (expected) == 82]
        [PASSED] Test (test_sink) succeeded, [14 (expected) == 14]
        [PASSED] Test (test_sink) succeeded, [09 (expected) == 09]
        [PASSED] Test (test_sink) succeeded, [78 (expected) == 78]
        [PASSED] Test (test_sink) succeeded, [23 (expected) == 23]
        [PASSED] Test (test_sink) succeeded, [97 (expected) == 97]
        [PASSED] Test (test_sink) succeeded, [86 (expected) == 86]
        [PASSED] Test (test_sink) succeeded, [10 (expected) == 10]
        [PASSED] Test (test_sink) succeeded, [97 (expected) == 97]
        [PASSED] Test (test_sink) succeeded, [52 (expected) == 52]
        [PASSED] Test (test_sink) succeeded, [31 (expected) == 31]
        [PASSED] Test (test_sink) succeeded, [68 (expected) == 68]
        [PASSED] Test (test_sink) succeeded, [25 (expected) == 25]
        [PASSED] Test (test_sink) succeeded, [41 (expected) == 41]
        [PASSED] Test (test_sink) succeeded, [12 (expected) == 12]
        [PASSED] Test (test_sink) succeeded, [87 (expected) == 87]
        [PASSED] Test (test_sink) succeeded, [52 (expected) == 52]
        [PASSED] Test (test_sink) succeeded, [37 (expected) == 37]
        [PASSED] Test (test_sink) succeeded, [89 (expected) == 89]
        [PASSED] Test (test_sink) succeeded, [32 (expected) == 32]
        [PASSED] Test (test_sink) succeeded, [78 (expected) == 78]
        [PASSED] Test (test_sink) succeeded, [23 (expected) == 23]
        [PASSED] Test (test_sink) succeeded, [72 (expected) == 72]
        [PASSED] Test (test_sink) succeeded, [49 (expected) == 49]
        [PASSED] Test (test_sink) succeeded, [82 (expected) == 82]
        [PASSED] Test (test_sink) succeeded, [32 (expected) == 32]
        [PASSED] Test (test_sink) succeeded, [87 (expected) == 87]
        [PASSED] Test (test_sink) succeeded, [44 (expected) == 44]
        [PASSED] Test (test_sink) succeeded, [19 (expected) == 19]
        [PASSED] Test (test_sink) succeeded, [87 (expected) == 87]
        [PASSED] Test (test_sink) succeeded, [23 (expected) == 23]
        [PASSED] Test (test_sink) succeeded, [98 (expected) == 98]
        [PASSED] Test (test_sink) succeeded, [72 (expected) == 72]
        [PASSED] Test (test_sink) succeeded, [39 (expected) == 39]
        [PASSED] Test (test_sink) succeeded, [76 (expected) == 76]
        [PASSED] Test (test_sink) succeeded, [59 (expected) == 59]
        [PASSED] Test (test_sink) succeeded, [87 (expected) == 87]
        [PASSED] Test (test_sink) succeeded, [ab (expected) == ab]
        [PASSED] Test (test_sink) succeeded, [e9 (expected) == e9]
        [PASSED] Test (test_sink) succeeded, [87 (expected) == 87]
        [PASSED] Test (test_sink) succeeded, [17 (expected) == 17]
        [PASSED] Test (test_sink) succeeded, [ab (expected) == ab]
        [PASSED] Test (test_sink) succeeded, [ce (expected) == ce]
        [PASSED] Test (test_sink) succeeded, [f1 (expected) == f1]
        [PASSED] Test (test_sink) succeeded, [87 (expected) == 87]
        [PASSED] Test (test_sink) succeeded, [53 (expected) == 53]
        [PASSED] Test (test_sink) succeeded, [10 (expected) == 10]
        [PASSED] Test (test_sink) succeeded, [87 (expected) == 87]
        [PASSED] Test (test_sink) succeeded, [6f (expected) == 6f]
        [PASSED] Test (test_sink) succeeded, [ab (expected) == ab]
        [PASSED] Test (test_sink) succeeded, [c8 (expected) == c8]
        [PASSED] Test (test_sink) succeeded, [97 (expected) == 97]
        [PASSED] Test (test_sink) succeeded, [1a (expected) == 1a]
        [PASSED] Test (test_sink) succeeded, [ef (expected) == ef]
        [PASSED] Test (test_sink) succeeded, [de (expected) == de]
        [PASSED] Test (test_sink) succeeded, [fc (expected) == fc]
        [PASSED] Test (test_sink) succeeded, [a9 (expected) == a9]
        [PASSED] Test (test_sink) succeeded, [87 (expected) == 87]
        [PASSED] Test (Timeout check) succeeded 
Simulation -> PASS (HIT GOOD TRAP)

$finish called at time : 1015500 ns : File "/home/alessandro/Documents/embedded_prj/vc707/system/vc707_system/vc707_system.srcs/sim_1/imports/uart_serializer/uart_serializer_top.v" Line 179
