
*** Running vivado
    with args -log bram_256x512.vds -m64 -product Vivado -mode batch -messageDb vivado.pb -notrace -source bram_256x512.tcl


****** Vivado v2016.4 (64-bit)
  **** SW Build 1756540 on Mon Jan 23 19:11:19 MST 2017
  **** IP Build 1755317 on Mon Jan 23 20:30:07 MST 2017
    ** Copyright 1986-2016 Xilinx, Inc. All Rights Reserved.

source bram_256x512.tcl -notrace
Starting RTL Elaboration : Time (s): cpu = 00:00:08 ; elapsed = 00:00:08 . Memory (MB): peak = 1150.266 ; gain = 212.895 ; free physical = 2447 ; free virtual = 13164
INFO: [Synth 8-638] synthesizing module 'bram_256x512' [/home/alessandro/Documents/embedded_prj/vc707/system/vc707_system/vc707_system.srcs/sources_1/ip/bram_256x512/synth/bram_256x512.vhd:73]
INFO: [Synth 8-256] done synthesizing module 'bram_256x512' (9#1) [/home/alessandro/Documents/embedded_prj/vc707/system/vc707_system/vc707_system.srcs/sources_1/ip/bram_256x512/synth/bram_256x512.vhd:73]
Finished RTL Elaboration : Time (s): cpu = 00:00:58 ; elapsed = 00:00:58 . Memory (MB): peak = 1351.406 ; gain = 414.035 ; free physical = 2244 ; free virtual = 12961
Finished RTL Optimization Phase 1 : Time (s): cpu = 00:00:58 ; elapsed = 00:00:59 . Memory (MB): peak = 1351.406 ; gain = 414.035 ; free physical = 2244 ; free virtual = 12961
INFO: [Device 21-403] Loading part xc7vx485tffg1761-2
Constraint Validation Runtime : Time (s): cpu = 00:00:00.04 ; elapsed = 00:00:00.05 . Memory (MB): peak = 1629.250 ; gain = 0.000 ; free physical = 2075 ; free virtual = 12801
Finished Constraint Validation : Time (s): cpu = 00:01:17 ; elapsed = 00:01:17 . Memory (MB): peak = 1629.250 ; gain = 691.879 ; free physical = 2074 ; free virtual = 12801
Finished Loading Part and Timing Information : Time (s): cpu = 00:01:17 ; elapsed = 00:01:17 . Memory (MB): peak = 1629.250 ; gain = 691.879 ; free physical = 2074 ; free virtual = 12801
Finished applying 'set_property' XDC Constraints : Time (s): cpu = 00:01:17 ; elapsed = 00:01:17 . Memory (MB): peak = 1629.250 ; gain = 691.879 ; free physical = 2074 ; free virtual = 12801
Finished RTL Optimization Phase 2 : Time (s): cpu = 00:01:17 ; elapsed = 00:01:18 . Memory (MB): peak = 1629.250 ; gain = 691.879 ; free physical = 2070 ; free virtual = 12796
Finished Cross Boundary and Area Optimization : Time (s): cpu = 00:01:17 ; elapsed = 00:01:18 . Memory (MB): peak = 1629.250 ; gain = 691.879 ; free physical = 2070 ; free virtual = 12796
Finished Applying XDC Timing Constraints : Time (s): cpu = 00:01:24 ; elapsed = 00:01:25 . Memory (MB): peak = 1629.250 ; gain = 691.879 ; free physical = 2012 ; free virtual = 12740
Finished Timing Optimization : Time (s): cpu = 00:01:24 ; elapsed = 00:01:25 . Memory (MB): peak = 1629.250 ; gain = 691.879 ; free physical = 2010 ; free virtual = 12737
Finished Technology Mapping : Time (s): cpu = 00:01:24 ; elapsed = 00:01:25 . Memory (MB): peak = 1629.250 ; gain = 691.879 ; free physical = 1999 ; free virtual = 12726
Finished IO Insertion : Time (s): cpu = 00:01:25 ; elapsed = 00:01:25 . Memory (MB): peak = 1629.250 ; gain = 691.879 ; free physical = 1984 ; free virtual = 12710
Finished Renaming Generated Instances : Time (s): cpu = 00:01:25 ; elapsed = 00:01:25 . Memory (MB): peak = 1629.250 ; gain = 691.879 ; free physical = 1984 ; free virtual = 12710
Finished Rebuilding User Hierarchy : Time (s): cpu = 00:01:25 ; elapsed = 00:01:26 . Memory (MB): peak = 1629.250 ; gain = 691.879 ; free physical = 1983 ; free virtual = 12710
Finished Renaming Generated Ports : Time (s): cpu = 00:01:25 ; elapsed = 00:01:26 . Memory (MB): peak = 1629.250 ; gain = 691.879 ; free physical = 1983 ; free virtual = 12710
Finished Handling Custom Attributes : Time (s): cpu = 00:01:25 ; elapsed = 00:01:26 . Memory (MB): peak = 1629.250 ; gain = 691.879 ; free physical = 2041 ; free virtual = 12767
Finished Renaming Generated Nets : Time (s): cpu = 00:01:25 ; elapsed = 00:01:26 . Memory (MB): peak = 1629.250 ; gain = 691.879 ; free physical = 2041 ; free virtual = 12767

Report Cell Usage: 
+------+---------+------+
|      |Cell     |Count |
+------+---------+------+
|1     |RAMB18E1 |     1|
|2     |RAMB36E1 |     7|
+------+---------+------+
Finished Writing Synthesis Report : Time (s): cpu = 00:01:25 ; elapsed = 00:01:26 . Memory (MB): peak = 1629.250 ; gain = 691.879 ; free physical = 2041 ; free virtual = 12767
synth_design: Time (s): cpu = 00:01:23 ; elapsed = 00:01:24 . Memory (MB): peak = 1629.250 ; gain = 603.375 ; free physical = 2007 ; free virtual = 12736
