
*** Running vivado
    with args -log mig_7series_0.vds -m64 -product Vivado -mode batch -messageDb vivado.pb -notrace -source mig_7series_0.tcl


****** Vivado v2016.4 (64-bit)
  **** SW Build 1756540 on Mon Jan 23 19:11:19 MST 2017
  **** IP Build 1755317 on Mon Jan 23 20:30:07 MST 2017
    ** Copyright 1986-2016 Xilinx, Inc. All Rights Reserved.

source mig_7series_0.tcl -notrace
Starting RTL Elaboration : Time (s): cpu = 00:00:09 ; elapsed = 00:00:09 . Memory (MB): peak = 1193.266 ; gain = 255.895 ; free physical = 1249 ; free virtual = 13545
INFO: [Synth 8-638] synthesizing module 'mig_7series_0' [/home/alessandro/Documents/embedded_prj/vc707/system/vc707_system/vc707_system.srcs/sources_1/ip/mig_7series_0/mig_7series_0/user_design/rtl/mig_7series_0.v:70]
INFO: [Synth 8-638] synthesizing module 'mig_7series_0_mig' [/home/alessandro/Documents/embedded_prj/vc707/system/vc707_system/vc707_system.srcs/sources_1/ip/mig_7series_0/mig_7series_0/user_design/rtl/mig_7series_0_mig.v:75]
INFO: [Synth 8-638] synthesizing module 'mig_7series_v4_0_tempmon' [/home/alessandro/Documents/embedded_prj/vc707/system/vc707_system/vc707_system.srcs/sources_1/ip/mig_7series_0/mig_7series_0/user_design/rtl/clocking/mig_7series_v4_0_tempmon.v:69]
INFO: [Synth 8-638] synthesizing module 'XADC' [/opt/Xilinx/Vivado/2016.4/scripts/rt/data/unisim_comp.v:45150]
INFO: [Synth 8-256] done synthesizing module 'XADC' (1#1) [/opt/Xilinx/Vivado/2016.4/scripts/rt/data/unisim_comp.v:45150]
INFO: [Synth 8-256] done synthesizing module 'mig_7series_v4_0_tempmon' (2#1) [/home/alessandro/Documents/embedded_prj/vc707/system/vc707_system/vc707_system.srcs/sources_1/ip/mig_7series_0/mig_7series_0/user_design/rtl/clocking/mig_7series_v4_0_tempmon.v:69]
INFO: [Synth 8-638] synthesizing module 'mig_7series_v4_0_iodelay_ctrl' [/home/alessandro/Documents/embedded_prj/vc707/system/vc707_system/vc707_system.srcs/sources_1/ip/mig_7series_0/mig_7series_0/user_design/rtl/clocking/mig_7series_v4_0_iodelay_ctrl.v:80]
INFO: [Synth 8-638] synthesizing module 'IBUF' [/opt/Xilinx/Vivado/2016.4/scripts/rt/data/unisim_comp.v:14146]
INFO: [Synth 8-256] done synthesizing module 'IBUF' (3#1) [/opt/Xilinx/Vivado/2016.4/scripts/rt/data/unisim_comp.v:14146]
INFO: [Synth 8-638] synthesizing module 'IDELAYCTRL' [/opt/Xilinx/Vivado/2016.4/scripts/rt/data/unisim_comp.v:16182]
INFO: [Synth 8-256] done synthesizing module 'IDELAYCTRL' (4#1) [/opt/Xilinx/Vivado/2016.4/scripts/rt/data/unisim_comp.v:16182]
INFO: [Synth 8-256] done synthesizing module 'mig_7series_v4_0_iodelay_ctrl' (5#1) [/home/alessandro/Documents/embedded_prj/vc707/system/vc707_system/vc707_system.srcs/sources_1/ip/mig_7series_0/mig_7series_0/user_design/rtl/clocking/mig_7series_v4_0_iodelay_ctrl.v:80]
INFO: [Synth 8-638] synthesizing module 'mig_7series_v4_0_clk_ibuf' [/home/alessandro/Documents/embedded_prj/vc707/system/vc707_system/vc707_system.srcs/sources_1/ip/mig_7series_0/mig_7series_0/user_design/rtl/clocking/mig_7series_v4_0_clk_ibuf.v:68]
INFO: [Synth 8-256] done synthesizing module 'mig_7series_v4_0_clk_ibuf' (6#1) [/home/alessandro/Documents/embedded_prj/vc707/system/vc707_system/vc707_system.srcs/sources_1/ip/mig_7series_0/mig_7series_0/user_design/rtl/clocking/mig_7series_v4_0_clk_ibuf.v:68]
INFO: [Synth 8-638] synthesizing module 'mig_7series_v4_0_infrastructure' [/home/alessandro/Documents/embedded_prj/vc707/system/vc707_system/vc707_system.srcs/sources_1/ip/mig_7series_0/mig_7series_0/user_design/rtl/clocking/mig_7series_v4_0_infrastructure.v:78]
INFO: [Synth 8-638] synthesizing module 'MMCME2_ADV' [/opt/Xilinx/Vivado/2016.4/scripts/rt/data/unisim_comp.v:20414]
INFO: [Synth 8-256] done synthesizing module 'MMCME2_ADV' (7#1) [/opt/Xilinx/Vivado/2016.4/scripts/rt/data/unisim_comp.v:20414]
INFO: [Synth 8-638] synthesizing module 'BUFG' [/opt/Xilinx/Vivado/2016.4/scripts/rt/data/unisim_comp.v:607]
INFO: [Synth 8-256] done synthesizing module 'BUFG' (8#1) [/opt/Xilinx/Vivado/2016.4/scripts/rt/data/unisim_comp.v:607]
INFO: [Synth 8-638] synthesizing module 'PLLE2_ADV' [/opt/Xilinx/Vivado/2016.4/scripts/rt/data/unisim_comp.v:32674]
INFO: [Synth 8-256] done synthesizing module 'PLLE2_ADV' (9#1) [/opt/Xilinx/Vivado/2016.4/scripts/rt/data/unisim_comp.v:32674]
INFO: [Synth 8-638] synthesizing module 'BUFH' [/opt/Xilinx/Vivado/2016.4/scripts/rt/data/unisim_comp.v:806]
INFO: [Synth 8-256] done synthesizing module 'BUFH' (10#1) [/opt/Xilinx/Vivado/2016.4/scripts/rt/data/unisim_comp.v:806]
INFO: [Synth 8-256] done synthesizing module 'mig_7series_v4_0_infrastructure' (11#1) [/home/alessandro/Documents/embedded_prj/vc707/system/vc707_system/vc707_system.srcs/sources_1/ip/mig_7series_0/mig_7series_0/user_design/rtl/clocking/mig_7series_v4_0_infrastructure.v:78]
INFO: [Synth 8-638] synthesizing module 'mig_7series_v4_0_memc_ui_top_std' [/home/alessandro/Documents/embedded_prj/vc707/system/vc707_system/vc707_system.srcs/sources_1/ip/mig_7series_0/mig_7series_0/user_design/rtl/ip_top/mig_7series_v4_0_memc_ui_top_std.v:72]
INFO: [Synth 8-638] synthesizing module 'mig_7series_v4_0_mem_intfc' [/home/alessandro/Documents/embedded_prj/vc707/system/vc707_system/vc707_system.srcs/sources_1/ip/mig_7series_0/mig_7series_0/user_design/rtl/ip_top/mig_7series_v4_0_mem_intfc.v:70]
INFO: [Synth 8-638] synthesizing module 'mig_7series_v4_0_mc' [/home/alessandro/Documents/embedded_prj/vc707/system/vc707_system/vc707_system.srcs/sources_1/ip/mig_7series_0/mig_7series_0/user_design/rtl/controller/mig_7series_v4_0_mc.v:73]
INFO: [Synth 8-638] synthesizing module 'mig_7series_v4_0_rank_mach' [/home/alessandro/Documents/embedded_prj/vc707/system/vc707_system/vc707_system.srcs/sources_1/ip/mig_7series_0/mig_7series_0/user_design/rtl/controller/mig_7series_v4_0_rank_mach.v:71]
INFO: [Synth 8-638] synthesizing module 'mig_7series_v4_0_rank_cntrl' [/home/alessandro/Documents/embedded_prj/vc707/system/vc707_system/vc707_system.srcs/sources_1/ip/mig_7series_0/mig_7series_0/user_design/rtl/controller/mig_7series_v4_0_rank_cntrl.v:79]
INFO: [Synth 8-638] synthesizing module 'SRLC32E' [/opt/Xilinx/Vivado/2016.4/scripts/rt/data/unisim_comp.v:43478]
INFO: [Synth 8-256] done synthesizing module 'SRLC32E' (12#1) [/opt/Xilinx/Vivado/2016.4/scripts/rt/data/unisim_comp.v:43478]
INFO: [Synth 8-256] done synthesizing module 'mig_7series_v4_0_rank_cntrl' (13#1) [/home/alessandro/Documents/embedded_prj/vc707/system/vc707_system/vc707_system.srcs/sources_1/ip/mig_7series_0/mig_7series_0/user_design/rtl/controller/mig_7series_v4_0_rank_cntrl.v:79]
INFO: [Synth 8-638] synthesizing module 'mig_7series_v4_0_rank_common' [/home/alessandro/Documents/embedded_prj/vc707/system/vc707_system/vc707_system.srcs/sources_1/ip/mig_7series_0/mig_7series_0/user_design/rtl/controller/mig_7series_v4_0_rank_common.v:72]
INFO: [Synth 8-638] synthesizing module 'mig_7series_v4_0_round_robin_arb' [/home/alessandro/Documents/embedded_prj/vc707/system/vc707_system/vc707_system.srcs/sources_1/ip/mig_7series_0/mig_7series_0/user_design/rtl/controller/mig_7series_v4_0_round_robin_arb.v:121]
INFO: [Synth 8-256] done synthesizing module 'mig_7series_v4_0_round_robin_arb' (14#1) [/home/alessandro/Documents/embedded_prj/vc707/system/vc707_system/vc707_system.srcs/sources_1/ip/mig_7series_0/mig_7series_0/user_design/rtl/controller/mig_7series_v4_0_round_robin_arb.v:121]
INFO: [Synth 8-638] synthesizing module 'mig_7series_v4_0_round_robin_arb__parameterized0' [/home/alessandro/Documents/embedded_prj/vc707/system/vc707_system/vc707_system.srcs/sources_1/ip/mig_7series_0/mig_7series_0/user_design/rtl/controller/mig_7series_v4_0_round_robin_arb.v:121]
INFO: [Synth 8-256] done synthesizing module 'mig_7series_v4_0_round_robin_arb__parameterized0' (14#1) [/home/alessandro/Documents/embedded_prj/vc707/system/vc707_system/vc707_system.srcs/sources_1/ip/mig_7series_0/mig_7series_0/user_design/rtl/controller/mig_7series_v4_0_round_robin_arb.v:121]
INFO: [Synth 8-256] done synthesizing module 'mig_7series_v4_0_rank_common' (15#1) [/home/alessandro/Documents/embedded_prj/vc707/system/vc707_system/vc707_system.srcs/sources_1/ip/mig_7series_0/mig_7series_0/user_design/rtl/controller/mig_7series_v4_0_rank_common.v:72]
INFO: [Synth 8-256] done synthesizing module 'mig_7series_v4_0_rank_mach' (16#1) [/home/alessandro/Documents/embedded_prj/vc707/system/vc707_system/vc707_system.srcs/sources_1/ip/mig_7series_0/mig_7series_0/user_design/rtl/controller/mig_7series_v4_0_rank_mach.v:71]
INFO: [Synth 8-638] synthesizing module 'mig_7series_v4_0_bank_mach' [/home/alessandro/Documents/embedded_prj/vc707/system/vc707_system/vc707_system.srcs/sources_1/ip/mig_7series_0/mig_7series_0/user_design/rtl/controller/mig_7series_v4_0_bank_mach.v:72]
INFO: [Synth 8-638] synthesizing module 'mig_7series_v4_0_bank_cntrl' [/home/alessandro/Documents/embedded_prj/vc707/system/vc707_system/vc707_system.srcs/sources_1/ip/mig_7series_0/mig_7series_0/user_design/rtl/controller/mig_7series_v4_0_bank_cntrl.v:70]
INFO: [Synth 8-638] synthesizing module 'mig_7series_v4_0_bank_compare' [/home/alessandro/Documents/embedded_prj/vc707/system/vc707_system/vc707_system.srcs/sources_1/ip/mig_7series_0/mig_7series_0/user_design/rtl/controller/mig_7series_v4_0_bank_compare.v:74]
INFO: [Synth 8-256] done synthesizing module 'mig_7series_v4_0_bank_compare' (17#1) [/home/alessandro/Documents/embedded_prj/vc707/system/vc707_system/vc707_system.srcs/sources_1/ip/mig_7series_0/mig_7series_0/user_design/rtl/controller/mig_7series_v4_0_bank_compare.v:74]
INFO: [Synth 8-638] synthesizing module 'mig_7series_v4_0_bank_state' [/home/alessandro/Documents/embedded_prj/vc707/system/vc707_system/vc707_system.srcs/sources_1/ip/mig_7series_0/mig_7series_0/user_design/rtl/controller/mig_7series_v4_0_bank_state.v:141]
INFO: [Synth 8-256] done synthesizing module 'mig_7series_v4_0_bank_state' (18#1) [/home/alessandro/Documents/embedded_prj/vc707/system/vc707_system/vc707_system.srcs/sources_1/ip/mig_7series_0/mig_7series_0/user_design/rtl/controller/mig_7series_v4_0_bank_state.v:141]
INFO: [Synth 8-638] synthesizing module 'mig_7series_v4_0_bank_queue' [/home/alessandro/Documents/embedded_prj/vc707/system/vc707_system/vc707_system.srcs/sources_1/ip/mig_7series_0/mig_7series_0/user_design/rtl/controller/mig_7series_v4_0_bank_queue.v:174]
INFO: [Synth 8-256] done synthesizing module 'mig_7series_v4_0_bank_queue' (19#1) [/home/alessandro/Documents/embedded_prj/vc707/system/vc707_system/vc707_system.srcs/sources_1/ip/mig_7series_0/mig_7series_0/user_design/rtl/controller/mig_7series_v4_0_bank_queue.v:174]
INFO: [Synth 8-256] done synthesizing module 'mig_7series_v4_0_bank_cntrl' (20#1) [/home/alessandro/Documents/embedded_prj/vc707/system/vc707_system/vc707_system.srcs/sources_1/ip/mig_7series_0/mig_7series_0/user_design/rtl/controller/mig_7series_v4_0_bank_cntrl.v:70]
INFO: [Synth 8-638] synthesizing module 'mig_7series_v4_0_bank_cntrl__parameterized0' [/home/alessandro/Documents/embedded_prj/vc707/system/vc707_system/vc707_system.srcs/sources_1/ip/mig_7series_0/mig_7series_0/user_design/rtl/controller/mig_7series_v4_0_bank_cntrl.v:70]
INFO: [Synth 8-638] synthesizing module 'mig_7series_v4_0_bank_state__parameterized0' [/home/alessandro/Documents/embedded_prj/vc707/system/vc707_system/vc707_system.srcs/sources_1/ip/mig_7series_0/mig_7series_0/user_design/rtl/controller/mig_7series_v4_0_bank_state.v:141]
INFO: [Synth 8-256] done synthesizing module 'mig_7series_v4_0_bank_state__parameterized0' (20#1) [/home/alessandro/Documents/embedded_prj/vc707/system/vc707_system/vc707_system.srcs/sources_1/ip/mig_7series_0/mig_7series_0/user_design/rtl/controller/mig_7series_v4_0_bank_state.v:141]
INFO: [Synth 8-638] synthesizing module 'mig_7series_v4_0_bank_queue__parameterized0' [/home/alessandro/Documents/embedded_prj/vc707/system/vc707_system/vc707_system.srcs/sources_1/ip/mig_7series_0/mig_7series_0/user_design/rtl/controller/mig_7series_v4_0_bank_queue.v:174]
INFO: [Synth 8-256] done synthesizing module 'mig_7series_v4_0_bank_queue__parameterized0' (20#1) [/home/alessandro/Documents/embedded_prj/vc707/system/vc707_system/vc707_system.srcs/sources_1/ip/mig_7series_0/mig_7series_0/user_design/rtl/controller/mig_7series_v4_0_bank_queue.v:174]
INFO: [Synth 8-256] done synthesizing module 'mig_7series_v4_0_bank_cntrl__parameterized0' (20#1) [/home/alessandro/Documents/embedded_prj/vc707/system/vc707_system/vc707_system.srcs/sources_1/ip/mig_7series_0/mig_7series_0/user_design/rtl/controller/mig_7series_v4_0_bank_cntrl.v:70]
INFO: [Synth 8-638] synthesizing module 'mig_7series_v4_0_bank_cntrl__parameterized1' [/home/alessandro/Documents/embedded_prj/vc707/system/vc707_system/vc707_system.srcs/sources_1/ip/mig_7series_0/mig_7series_0/user_design/rtl/controller/mig_7series_v4_0_bank_cntrl.v:70]
INFO: [Synth 8-638] synthesizing module 'mig_7series_v4_0_bank_state__parameterized1' [/home/alessandro/Documents/embedded_prj/vc707/system/vc707_system/vc707_system.srcs/sources_1/ip/mig_7series_0/mig_7series_0/user_design/rtl/controller/mig_7series_v4_0_bank_state.v:141]
INFO: [Synth 8-256] done synthesizing module 'mig_7series_v4_0_bank_state__parameterized1' (20#1) [/home/alessandro/Documents/embedded_prj/vc707/system/vc707_system/vc707_system.srcs/sources_1/ip/mig_7series_0/mig_7series_0/user_design/rtl/controller/mig_7series_v4_0_bank_state.v:141]
INFO: [Synth 8-638] synthesizing module 'mig_7series_v4_0_bank_queue__parameterized1' [/home/alessandro/Documents/embedded_prj/vc707/system/vc707_system/vc707_system.srcs/sources_1/ip/mig_7series_0/mig_7series_0/user_design/rtl/controller/mig_7series_v4_0_bank_queue.v:174]
INFO: [Synth 8-256] done synthesizing module 'mig_7series_v4_0_bank_queue__parameterized1' (20#1) [/home/alessandro/Documents/embedded_prj/vc707/system/vc707_system/vc707_system.srcs/sources_1/ip/mig_7series_0/mig_7series_0/user_design/rtl/controller/mig_7series_v4_0_bank_queue.v:174]
INFO: [Synth 8-256] done synthesizing module 'mig_7series_v4_0_bank_cntrl__parameterized1' (20#1) [/home/alessandro/Documents/embedded_prj/vc707/system/vc707_system/vc707_system.srcs/sources_1/ip/mig_7series_0/mig_7series_0/user_design/rtl/controller/mig_7series_v4_0_bank_cntrl.v:70]
INFO: [Synth 8-638] synthesizing module 'mig_7series_v4_0_bank_cntrl__parameterized2' [/home/alessandro/Documents/embedded_prj/vc707/system/vc707_system/vc707_system.srcs/sources_1/ip/mig_7series_0/mig_7series_0/user_design/rtl/controller/mig_7series_v4_0_bank_cntrl.v:70]
INFO: [Synth 8-638] synthesizing module 'mig_7series_v4_0_bank_state__parameterized2' [/home/alessandro/Documents/embedded_prj/vc707/system/vc707_system/vc707_system.srcs/sources_1/ip/mig_7series_0/mig_7series_0/user_design/rtl/controller/mig_7series_v4_0_bank_state.v:141]
INFO: [Synth 8-256] done synthesizing module 'mig_7series_v4_0_bank_state__parameterized2' (20#1) [/home/alessandro/Documents/embedded_prj/vc707/system/vc707_system/vc707_system.srcs/sources_1/ip/mig_7series_0/mig_7series_0/user_design/rtl/controller/mig_7series_v4_0_bank_state.v:141]
INFO: [Synth 8-638] synthesizing module 'mig_7series_v4_0_bank_queue__parameterized2' [/home/alessandro/Documents/embedded_prj/vc707/system/vc707_system/vc707_system.srcs/sources_1/ip/mig_7series_0/mig_7series_0/user_design/rtl/controller/mig_7series_v4_0_bank_queue.v:174]
INFO: [Synth 8-256] done synthesizing module 'mig_7series_v4_0_bank_queue__parameterized2' (20#1) [/home/alessandro/Documents/embedded_prj/vc707/system/vc707_system/vc707_system.srcs/sources_1/ip/mig_7series_0/mig_7series_0/user_design/rtl/controller/mig_7series_v4_0_bank_queue.v:174]
INFO: [Synth 8-256] done synthesizing module 'mig_7series_v4_0_bank_cntrl__parameterized2' (20#1) [/home/alessandro/Documents/embedded_prj/vc707/system/vc707_system/vc707_system.srcs/sources_1/ip/mig_7series_0/mig_7series_0/user_design/rtl/controller/mig_7series_v4_0_bank_cntrl.v:70]
INFO: [Synth 8-638] synthesizing module 'mig_7series_v4_0_bank_common' [/home/alessandro/Documents/embedded_prj/vc707/system/vc707_system/vc707_system.srcs/sources_1/ip/mig_7series_0/mig_7series_0/user_design/rtl/controller/mig_7series_v4_0_bank_common.v:73]
INFO: [Synth 8-256] done synthesizing module 'mig_7series_v4_0_bank_common' (21#1) [/home/alessandro/Documents/embedded_prj/vc707/system/vc707_system/vc707_system.srcs/sources_1/ip/mig_7series_0/mig_7series_0/user_design/rtl/controller/mig_7series_v4_0_bank_common.v:73]
INFO: [Synth 8-638] synthesizing module 'mig_7series_v4_0_arb_mux' [/home/alessandro/Documents/embedded_prj/vc707/system/vc707_system/vc707_system.srcs/sources_1/ip/mig_7series_0/mig_7series_0/user_design/rtl/controller/mig_7series_v4_0_arb_mux.v:69]
INFO: [Synth 8-638] synthesizing module 'mig_7series_v4_0_arb_row_col' [/home/alessandro/Documents/embedded_prj/vc707/system/vc707_system/vc707_system.srcs/sources_1/ip/mig_7series_0/mig_7series_0/user_design/rtl/controller/mig_7series_v4_0_arb_row_col.v:83]
INFO: [Synth 8-638] synthesizing module 'mig_7series_v4_0_round_robin_arb__parameterized1' [/home/alessandro/Documents/embedded_prj/vc707/system/vc707_system/vc707_system.srcs/sources_1/ip/mig_7series_0/mig_7series_0/user_design/rtl/controller/mig_7series_v4_0_round_robin_arb.v:121]
INFO: [Synth 8-256] done synthesizing module 'mig_7series_v4_0_round_robin_arb__parameterized1' (21#1) [/home/alessandro/Documents/embedded_prj/vc707/system/vc707_system/vc707_system.srcs/sources_1/ip/mig_7series_0/mig_7series_0/user_design/rtl/controller/mig_7series_v4_0_round_robin_arb.v:121]
INFO: [Synth 8-638] synthesizing module 'mig_7series_v4_0_round_robin_arb__parameterized2' [/home/alessandro/Documents/embedded_prj/vc707/system/vc707_system/vc707_system.srcs/sources_1/ip/mig_7series_0/mig_7series_0/user_design/rtl/controller/mig_7series_v4_0_round_robin_arb.v:121]
INFO: [Synth 8-256] done synthesizing module 'mig_7series_v4_0_round_robin_arb__parameterized2' (21#1) [/home/alessandro/Documents/embedded_prj/vc707/system/vc707_system/vc707_system.srcs/sources_1/ip/mig_7series_0/mig_7series_0/user_design/rtl/controller/mig_7series_v4_0_round_robin_arb.v:121]
INFO: [Synth 8-638] synthesizing module 'mig_7series_v4_0_round_robin_arb__parameterized3' [/home/alessandro/Documents/embedded_prj/vc707/system/vc707_system/vc707_system.srcs/sources_1/ip/mig_7series_0/mig_7series_0/user_design/rtl/controller/mig_7series_v4_0_round_robin_arb.v:121]
INFO: [Synth 8-256] done synthesizing module 'mig_7series_v4_0_round_robin_arb__parameterized3' (21#1) [/home/alessandro/Documents/embedded_prj/vc707/system/vc707_system/vc707_system.srcs/sources_1/ip/mig_7series_0/mig_7series_0/user_design/rtl/controller/mig_7series_v4_0_round_robin_arb.v:121]
INFO: [Synth 8-638] synthesizing module 'mig_7series_v4_0_round_robin_arb__parameterized4' [/home/alessandro/Documents/embedded_prj/vc707/system/vc707_system/vc707_system.srcs/sources_1/ip/mig_7series_0/mig_7series_0/user_design/rtl/controller/mig_7series_v4_0_round_robin_arb.v:121]
INFO: [Synth 8-256] done synthesizing module 'mig_7series_v4_0_round_robin_arb__parameterized4' (21#1) [/home/alessandro/Documents/embedded_prj/vc707/system/vc707_system/vc707_system.srcs/sources_1/ip/mig_7series_0/mig_7series_0/user_design/rtl/controller/mig_7series_v4_0_round_robin_arb.v:121]
INFO: [Synth 8-256] done synthesizing module 'mig_7series_v4_0_arb_row_col' (22#1) [/home/alessandro/Documents/embedded_prj/vc707/system/vc707_system/vc707_system.srcs/sources_1/ip/mig_7series_0/mig_7series_0/user_design/rtl/controller/mig_7series_v4_0_arb_row_col.v:83]
INFO: [Synth 8-638] synthesizing module 'mig_7series_v4_0_arb_select' [/home/alessandro/Documents/embedded_prj/vc707/system/vc707_system/vc707_system.srcs/sources_1/ip/mig_7series_0/mig_7series_0/user_design/rtl/controller/mig_7series_v4_0_arb_select.v:75]
INFO: [Synth 8-256] done synthesizing module 'mig_7series_v4_0_arb_select' (23#1) [/home/alessandro/Documents/embedded_prj/vc707/system/vc707_system/vc707_system.srcs/sources_1/ip/mig_7series_0/mig_7series_0/user_design/rtl/controller/mig_7series_v4_0_arb_select.v:75]
INFO: [Synth 8-256] done synthesizing module 'mig_7series_v4_0_arb_mux' (24#1) [/home/alessandro/Documents/embedded_prj/vc707/system/vc707_system/vc707_system.srcs/sources_1/ip/mig_7series_0/mig_7series_0/user_design/rtl/controller/mig_7series_v4_0_arb_mux.v:69]
INFO: [Synth 8-256] done synthesizing module 'mig_7series_v4_0_bank_mach' (25#1) [/home/alessandro/Documents/embedded_prj/vc707/system/vc707_system/vc707_system.srcs/sources_1/ip/mig_7series_0/mig_7series_0/user_design/rtl/controller/mig_7series_v4_0_bank_mach.v:72]
INFO: [Synth 8-638] synthesizing module 'mig_7series_v4_0_col_mach' [/home/alessandro/Documents/embedded_prj/vc707/system/vc707_system/vc707_system.srcs/sources_1/ip/mig_7series_0/mig_7series_0/user_design/rtl/controller/mig_7series_v4_0_col_mach.v:88]
INFO: [Synth 8-638] synthesizing module 'RAM32M' [/opt/Xilinx/Vivado/2016.4/scripts/rt/data/unisim_comp.v:36749]
INFO: [Synth 8-256] done synthesizing module 'RAM32M' (26#1) [/opt/Xilinx/Vivado/2016.4/scripts/rt/data/unisim_comp.v:36749]
INFO: [Synth 8-256] done synthesizing module 'mig_7series_v4_0_col_mach' (27#1) [/home/alessandro/Documents/embedded_prj/vc707/system/vc707_system/vc707_system.srcs/sources_1/ip/mig_7series_0/mig_7series_0/user_design/rtl/controller/mig_7series_v4_0_col_mach.v:88]
INFO: [Synth 8-256] done synthesizing module 'mig_7series_v4_0_mc' (28#1) [/home/alessandro/Documents/embedded_prj/vc707/system/vc707_system/vc707_system.srcs/sources_1/ip/mig_7series_0/mig_7series_0/user_design/rtl/controller/mig_7series_v4_0_mc.v:73]
INFO: [Synth 8-638] synthesizing module 'mig_7series_v4_0_ddr_phy_top' [/home/alessandro/Documents/embedded_prj/vc707/system/vc707_system/vc707_system.srcs/sources_1/ip/mig_7series_0/mig_7series_0/user_design/rtl/phy/mig_7series_v4_0_ddr_phy_top.v:70]
INFO: [Synth 8-638] synthesizing module 'mig_7series_v4_0_ddr_mc_phy_wrapper' [/home/alessandro/Documents/embedded_prj/vc707/system/vc707_system/vc707_system.srcs/sources_1/ip/mig_7series_0/mig_7series_0/user_design/rtl/phy/mig_7series_v4_0_ddr_mc_phy_wrapper.v:71]
INFO: [Synth 8-638] synthesizing module 'OBUF' [/opt/Xilinx/Vivado/2016.4/scripts/rt/data/unisim_comp.v:21927]
INFO: [Synth 8-256] done synthesizing module 'OBUF' (29#1) [/opt/Xilinx/Vivado/2016.4/scripts/rt/data/unisim_comp.v:21927]
INFO: [Synth 8-638] synthesizing module 'OBUFT' [/opt/Xilinx/Vivado/2016.4/scripts/rt/data/unisim_comp.v:22143]
INFO: [Synth 8-256] done synthesizing module 'OBUFT' (30#1) [/opt/Xilinx/Vivado/2016.4/scripts/rt/data/unisim_comp.v:22143]
INFO: [Synth 8-638] synthesizing module 'IOBUF_DCIEN' [/opt/Xilinx/Vivado/2016.4/scripts/rt/data/unisim_comp.v:17624]
INFO: [Synth 8-256] done synthesizing module 'IOBUF_DCIEN' (31#1) [/opt/Xilinx/Vivado/2016.4/scripts/rt/data/unisim_comp.v:17624]
INFO: [Synth 8-638] synthesizing module 'IOBUFDS_DIFF_OUT_DCIEN' [/opt/Xilinx/Vivado/2016.4/scripts/rt/data/unisim_comp.v:17464]
INFO: [Synth 8-256] done synthesizing module 'IOBUFDS_DIFF_OUT_DCIEN' (32#1) [/opt/Xilinx/Vivado/2016.4/scripts/rt/data/unisim_comp.v:17464]
INFO: [Synth 8-638] synthesizing module 'mig_7series_v4_0_poc_pd' [/home/alessandro/Documents/embedded_prj/vc707/system/vc707_system/vc707_system.srcs/sources_1/ip/mig_7series_0/mig_7series_0/user_design/rtl/phy/mig_7series_v4_0_poc_pd.v:70]
INFO: [Synth 8-638] synthesizing module 'IDDR' [/opt/Xilinx/Vivado/2016.4/scripts/rt/data/unisim_comp.v:16060]
INFO: [Synth 8-256] done synthesizing module 'IDDR' (33#1) [/opt/Xilinx/Vivado/2016.4/scripts/rt/data/unisim_comp.v:16060]
INFO: [Synth 8-256] done synthesizing module 'mig_7series_v4_0_poc_pd' (34#1) [/home/alessandro/Documents/embedded_prj/vc707/system/vc707_system/vc707_system.srcs/sources_1/ip/mig_7series_0/mig_7series_0/user_design/rtl/phy/mig_7series_v4_0_poc_pd.v:70]
INFO: [Synth 8-638] synthesizing module 'mig_7series_v4_0_ddr_of_pre_fifo' [/home/alessandro/Documents/embedded_prj/vc707/system/vc707_system/vc707_system.srcs/sources_1/ip/mig_7series_0/mig_7series_0/user_design/rtl/phy/mig_7series_v4_0_ddr_of_pre_fifo.v:76]
INFO: [Synth 8-256] done synthesizing module 'mig_7series_v4_0_ddr_of_pre_fifo' (35#1) [/home/alessandro/Documents/embedded_prj/vc707/system/vc707_system/vc707_system.srcs/sources_1/ip/mig_7series_0/mig_7series_0/user_design/rtl/phy/mig_7series_v4_0_ddr_of_pre_fifo.v:76]
INFO: [Synth 8-638] synthesizing module 'mig_7series_v4_0_ddr_of_pre_fifo__parameterized0' [/home/alessandro/Documents/embedded_prj/vc707/system/vc707_system/vc707_system.srcs/sources_1/ip/mig_7series_0/mig_7series_0/user_design/rtl/phy/mig_7series_v4_0_ddr_of_pre_fifo.v:76]
INFO: [Synth 8-256] done synthesizing module 'mig_7series_v4_0_ddr_of_pre_fifo__parameterized0' (35#1) [/home/alessandro/Documents/embedded_prj/vc707/system/vc707_system/vc707_system.srcs/sources_1/ip/mig_7series_0/mig_7series_0/user_design/rtl/phy/mig_7series_v4_0_ddr_of_pre_fifo.v:76]
INFO: [Synth 8-638] synthesizing module 'mig_7series_v4_0_ddr_of_pre_fifo__parameterized1' [/home/alessandro/Documents/embedded_prj/vc707/system/vc707_system/vc707_system.srcs/sources_1/ip/mig_7series_0/mig_7series_0/user_design/rtl/phy/mig_7series_v4_0_ddr_of_pre_fifo.v:76]
INFO: [Synth 8-256] done synthesizing module 'mig_7series_v4_0_ddr_of_pre_fifo__parameterized1' (35#1) [/home/alessandro/Documents/embedded_prj/vc707/system/vc707_system/vc707_system.srcs/sources_1/ip/mig_7series_0/mig_7series_0/user_design/rtl/phy/mig_7series_v4_0_ddr_of_pre_fifo.v:76]
INFO: [Synth 8-638] synthesizing module 'mig_7series_v4_0_ddr_mc_phy' [/home/alessandro/Documents/embedded_prj/vc707/system/vc707_system/vc707_system.srcs/sources_1/ip/mig_7series_0/mig_7series_0/user_design/rtl/phy/mig_7series_v4_0_ddr_mc_phy.v:70]
INFO: [Synth 8-638] synthesizing module 'mig_7series_v4_0_ddr_phy_4lanes' [/home/alessandro/Documents/embedded_prj/vc707/system/vc707_system/vc707_system.srcs/sources_1/ip/mig_7series_0/mig_7series_0/user_design/rtl/phy/mig_7series_v4_0_ddr_phy_4lanes.v:72]
INFO: [Synth 8-638] synthesizing module 'mig_7series_v4_0_ddr_byte_lane' [/home/alessandro/Documents/embedded_prj/vc707/system/vc707_system/vc707_system.srcs/sources_1/ip/mig_7series_0/mig_7series_0/user_design/rtl/phy/mig_7series_v4_0_ddr_byte_lane.v:70]
INFO: [Synth 8-638] synthesizing module 'mig_7series_v4_0_ddr_if_post_fifo' [/home/alessandro/Documents/embedded_prj/vc707/system/vc707_system/vc707_system.srcs/sources_1/ip/mig_7series_0/mig_7series_0/user_design/rtl/phy/mig_7series_v4_0_ddr_if_post_fifo.v:68]
INFO: [Synth 8-256] done synthesizing module 'mig_7series_v4_0_ddr_if_post_fifo' (36#1) [/home/alessandro/Documents/embedded_prj/vc707/system/vc707_system/vc707_system.srcs/sources_1/ip/mig_7series_0/mig_7series_0/user_design/rtl/phy/mig_7series_v4_0_ddr_if_post_fifo.v:68]
INFO: [Synth 8-638] synthesizing module 'mig_7series_v4_0_ddr_of_pre_fifo__parameterized2' [/home/alessandro/Documents/embedded_prj/vc707/system/vc707_system/vc707_system.srcs/sources_1/ip/mig_7series_0/mig_7series_0/user_design/rtl/phy/mig_7series_v4_0_ddr_of_pre_fifo.v:76]
INFO: [Synth 8-256] done synthesizing module 'mig_7series_v4_0_ddr_of_pre_fifo__parameterized2' (36#1) [/home/alessandro/Documents/embedded_prj/vc707/system/vc707_system/vc707_system.srcs/sources_1/ip/mig_7series_0/mig_7series_0/user_design/rtl/phy/mig_7series_v4_0_ddr_of_pre_fifo.v:76]
INFO: [Synth 8-638] synthesizing module 'PHASER_IN_PHY' [/opt/Xilinx/Vivado/2016.4/scripts/rt/data/unisim_comp.v:32360]
INFO: [Synth 8-256] done synthesizing module 'PHASER_IN_PHY' (37#1) [/opt/Xilinx/Vivado/2016.4/scripts/rt/data/unisim_comp.v:32360]
INFO: [Synth 8-638] synthesizing module 'IN_FIFO' [/opt/Xilinx/Vivado/2016.4/scripts/rt/data/unisim_comp.v:17265]
INFO: [Synth 8-256] done synthesizing module 'IN_FIFO' (38#1) [/opt/Xilinx/Vivado/2016.4/scripts/rt/data/unisim_comp.v:17265]
INFO: [Synth 8-638] synthesizing module 'PHASER_OUT_PHY' [/opt/Xilinx/Vivado/2016.4/scripts/rt/data/unisim_comp.v:32497]
INFO: [Synth 8-256] done synthesizing module 'PHASER_OUT_PHY' (39#1) [/opt/Xilinx/Vivado/2016.4/scripts/rt/data/unisim_comp.v:32497]
INFO: [Synth 8-638] synthesizing module 'OUT_FIFO' [/opt/Xilinx/Vivado/2016.4/scripts/rt/data/unisim_comp.v:25993]
INFO: [Synth 8-256] done synthesizing module 'OUT_FIFO' (40#1) [/opt/Xilinx/Vivado/2016.4/scripts/rt/data/unisim_comp.v:25993]
INFO: [Synth 8-638] synthesizing module 'mig_7series_v4_0_ddr_byte_group_io' [/home/alessandro/Documents/embedded_prj/vc707/system/vc707_system/vc707_system.srcs/sources_1/ip/mig_7series_0/mig_7series_0/user_design/rtl/phy/mig_7series_v4_0_ddr_byte_group_io.v:69]
INFO: [Synth 8-638] synthesizing module 'IDELAYE2' [/opt/Xilinx/Vivado/2016.4/scripts/rt/data/unisim_comp.v:16195]
INFO: [Synth 8-256] done synthesizing module 'IDELAYE2' (41#1) [/opt/Xilinx/Vivado/2016.4/scripts/rt/data/unisim_comp.v:16195]
INFO: [Synth 8-638] synthesizing module 'ISERDESE2' [/opt/Xilinx/Vivado/2016.4/scripts/rt/data/unisim_comp.v:19685]
INFO: [Synth 8-256] done synthesizing module 'ISERDESE2' (42#1) [/opt/Xilinx/Vivado/2016.4/scripts/rt/data/unisim_comp.v:19685]
INFO: [Synth 8-638] synthesizing module 'OSERDESE2' [/opt/Xilinx/Vivado/2016.4/scripts/rt/data/unisim_comp.v:25878]
INFO: [Synth 8-256] done synthesizing module 'OSERDESE2' (43#1) [/opt/Xilinx/Vivado/2016.4/scripts/rt/data/unisim_comp.v:25878]
INFO: [Synth 8-638] synthesizing module 'OSERDESE2__parameterized0' [/opt/Xilinx/Vivado/2016.4/scripts/rt/data/unisim_comp.v:25878]
INFO: [Synth 8-256] done synthesizing module 'OSERDESE2__parameterized0' (43#1) [/opt/Xilinx/Vivado/2016.4/scripts/rt/data/unisim_comp.v:25878]
INFO: [Synth 8-638] synthesizing module 'OSERDESE2__parameterized1' [/opt/Xilinx/Vivado/2016.4/scripts/rt/data/unisim_comp.v:25878]
INFO: [Synth 8-256] done synthesizing module 'OSERDESE2__parameterized1' (43#1) [/opt/Xilinx/Vivado/2016.4/scripts/rt/data/unisim_comp.v:25878]
INFO: [Synth 8-638] synthesizing module 'OSERDESE2__parameterized2' [/opt/Xilinx/Vivado/2016.4/scripts/rt/data/unisim_comp.v:25878]
INFO: [Synth 8-256] done synthesizing module 'OSERDESE2__parameterized2' (43#1) [/opt/Xilinx/Vivado/2016.4/scripts/rt/data/unisim_comp.v:25878]
INFO: [Synth 8-638] synthesizing module 'OSERDESE2__parameterized3' [/opt/Xilinx/Vivado/2016.4/scripts/rt/data/unisim_comp.v:25878]
INFO: [Synth 8-256] done synthesizing module 'OSERDESE2__parameterized3' (43#1) [/opt/Xilinx/Vivado/2016.4/scripts/rt/data/unisim_comp.v:25878]
INFO: [Synth 8-638] synthesizing module 'OSERDESE2__parameterized4' [/opt/Xilinx/Vivado/2016.4/scripts/rt/data/unisim_comp.v:25878]
INFO: [Synth 8-256] done synthesizing module 'OSERDESE2__parameterized4' (43#1) [/opt/Xilinx/Vivado/2016.4/scripts/rt/data/unisim_comp.v:25878]
INFO: [Synth 8-638] synthesizing module 'OSERDESE2__parameterized5' [/opt/Xilinx/Vivado/2016.4/scripts/rt/data/unisim_comp.v:25878]
INFO: [Synth 8-256] done synthesizing module 'OSERDESE2__parameterized5' (43#1) [/opt/Xilinx/Vivado/2016.4/scripts/rt/data/unisim_comp.v:25878]
INFO: [Synth 8-638] synthesizing module 'OSERDESE2__parameterized6' [/opt/Xilinx/Vivado/2016.4/scripts/rt/data/unisim_comp.v:25878]
INFO: [Synth 8-256] done synthesizing module 'OSERDESE2__parameterized6' (43#1) [/opt/Xilinx/Vivado/2016.4/scripts/rt/data/unisim_comp.v:25878]
INFO: [Synth 8-638] synthesizing module 'OSERDESE2__parameterized7' [/opt/Xilinx/Vivado/2016.4/scripts/rt/data/unisim_comp.v:25878]
INFO: [Synth 8-256] done synthesizing module 'OSERDESE2__parameterized7' (43#1) [/opt/Xilinx/Vivado/2016.4/scripts/rt/data/unisim_comp.v:25878]
INFO: [Synth 8-638] synthesizing module 'OSERDESE2__parameterized8' [/opt/Xilinx/Vivado/2016.4/scripts/rt/data/unisim_comp.v:25878]
INFO: [Synth 8-256] done synthesizing module 'OSERDESE2__parameterized8' (43#1) [/opt/Xilinx/Vivado/2016.4/scripts/rt/data/unisim_comp.v:25878]
INFO: [Synth 8-638] synthesizing module 'ODDR' [/opt/Xilinx/Vivado/2016.4/scripts/rt/data/unisim_comp.v:25305]
INFO: [Synth 8-256] done synthesizing module 'ODDR' (44#1) [/opt/Xilinx/Vivado/2016.4/scripts/rt/data/unisim_comp.v:25305]
INFO: [Synth 8-256] done synthesizing module 'mig_7series_v4_0_ddr_byte_group_io' (45#1) [/home/alessandro/Documents/embedded_prj/vc707/system/vc707_system/vc707_system.srcs/sources_1/ip/mig_7series_0/mig_7series_0/user_design/rtl/phy/mig_7series_v4_0_ddr_byte_group_io.v:69]
INFO: [Synth 8-256] done synthesizing module 'mig_7series_v4_0_ddr_byte_lane' (46#1) [/home/alessandro/Documents/embedded_prj/vc707/system/vc707_system/vc707_system.srcs/sources_1/ip/mig_7series_0/mig_7series_0/user_design/rtl/phy/mig_7series_v4_0_ddr_byte_lane.v:70]
INFO: [Synth 8-638] synthesizing module 'mig_7series_v4_0_ddr_byte_lane__parameterized0' [/home/alessandro/Documents/embedded_prj/vc707/system/vc707_system/vc707_system.srcs/sources_1/ip/mig_7series_0/mig_7series_0/user_design/rtl/phy/mig_7series_v4_0_ddr_byte_lane.v:70]
INFO: [Synth 8-638] synthesizing module 'mig_7series_v4_0_ddr_of_pre_fifo__parameterized3' [/home/alessandro/Documents/embedded_prj/vc707/system/vc707_system/vc707_system.srcs/sources_1/ip/mig_7series_0/mig_7series_0/user_design/rtl/phy/mig_7series_v4_0_ddr_of_pre_fifo.v:76]
INFO: [Synth 8-256] done synthesizing module 'mig_7series_v4_0_ddr_of_pre_fifo__parameterized3' (46#1) [/home/alessandro/Documents/embedded_prj/vc707/system/vc707_system/vc707_system.srcs/sources_1/ip/mig_7series_0/mig_7series_0/user_design/rtl/phy/mig_7series_v4_0_ddr_of_pre_fifo.v:76]
INFO: [Synth 8-638] synthesizing module 'mig_7series_v4_0_ddr_byte_group_io__parameterized0' [/home/alessandro/Documents/embedded_prj/vc707/system/vc707_system/vc707_system.srcs/sources_1/ip/mig_7series_0/mig_7series_0/user_design/rtl/phy/mig_7series_v4_0_ddr_byte_group_io.v:69]
INFO: [Synth 8-638] synthesizing module 'OSERDESE2__parameterized9' [/opt/Xilinx/Vivado/2016.4/scripts/rt/data/unisim_comp.v:25878]
INFO: [Synth 8-256] done synthesizing module 'OSERDESE2__parameterized9' (46#1) [/opt/Xilinx/Vivado/2016.4/scripts/rt/data/unisim_comp.v:25878]
INFO: [Synth 8-638] synthesizing module 'OSERDESE2__parameterized10' [/opt/Xilinx/Vivado/2016.4/scripts/rt/data/unisim_comp.v:25878]
INFO: [Synth 8-256] done synthesizing module 'OSERDESE2__parameterized10' (46#1) [/opt/Xilinx/Vivado/2016.4/scripts/rt/data/unisim_comp.v:25878]
INFO: [Synth 8-638] synthesizing module 'OSERDESE2__parameterized11' [/opt/Xilinx/Vivado/2016.4/scripts/rt/data/unisim_comp.v:25878]
INFO: [Synth 8-256] done synthesizing module 'OSERDESE2__parameterized11' (46#1) [/opt/Xilinx/Vivado/2016.4/scripts/rt/data/unisim_comp.v:25878]
INFO: [Synth 8-638] synthesizing module 'OSERDESE2__parameterized12' [/opt/Xilinx/Vivado/2016.4/scripts/rt/data/unisim_comp.v:25878]
INFO: [Synth 8-256] done synthesizing module 'OSERDESE2__parameterized12' (46#1) [/opt/Xilinx/Vivado/2016.4/scripts/rt/data/unisim_comp.v:25878]
INFO: [Synth 8-638] synthesizing module 'OSERDESE2__parameterized13' [/opt/Xilinx/Vivado/2016.4/scripts/rt/data/unisim_comp.v:25878]
INFO: [Synth 8-256] done synthesizing module 'OSERDESE2__parameterized13' (46#1) [/opt/Xilinx/Vivado/2016.4/scripts/rt/data/unisim_comp.v:25878]
INFO: [Synth 8-638] synthesizing module 'OSERDESE2__parameterized14' [/opt/Xilinx/Vivado/2016.4/scripts/rt/data/unisim_comp.v:25878]
INFO: [Synth 8-256] done synthesizing module 'OSERDESE2__parameterized14' (46#1) [/opt/Xilinx/Vivado/2016.4/scripts/rt/data/unisim_comp.v:25878]
INFO: [Synth 8-638] synthesizing module 'OSERDESE2__parameterized15' [/opt/Xilinx/Vivado/2016.4/scripts/rt/data/unisim_comp.v:25878]
INFO: [Synth 8-256] done synthesizing module 'OSERDESE2__parameterized15' (46#1) [/opt/Xilinx/Vivado/2016.4/scripts/rt/data/unisim_comp.v:25878]
INFO: [Synth 8-638] synthesizing module 'OSERDESE2__parameterized16' [/opt/Xilinx/Vivado/2016.4/scripts/rt/data/unisim_comp.v:25878]
INFO: [Synth 8-256] done synthesizing module 'OSERDESE2__parameterized16' (46#1) [/opt/Xilinx/Vivado/2016.4/scripts/rt/data/unisim_comp.v:25878]
INFO: [Synth 8-638] synthesizing module 'OSERDESE2__parameterized17' [/opt/Xilinx/Vivado/2016.4/scripts/rt/data/unisim_comp.v:25878]
INFO: [Synth 8-256] done synthesizing module 'OSERDESE2__parameterized17' (46#1) [/opt/Xilinx/Vivado/2016.4/scripts/rt/data/unisim_comp.v:25878]
INFO: [Synth 8-256] done synthesizing module 'mig_7series_v4_0_ddr_byte_group_io__parameterized0' (46#1) [/home/alessandro/Documents/embedded_prj/vc707/system/vc707_system/vc707_system.srcs/sources_1/ip/mig_7series_0/mig_7series_0/user_design/rtl/phy/mig_7series_v4_0_ddr_byte_group_io.v:69]
INFO: [Synth 8-256] done synthesizing module 'mig_7series_v4_0_ddr_byte_lane__parameterized0' (46#1) [/home/alessandro/Documents/embedded_prj/vc707/system/vc707_system/vc707_system.srcs/sources_1/ip/mig_7series_0/mig_7series_0/user_design/rtl/phy/mig_7series_v4_0_ddr_byte_lane.v:70]
INFO: [Synth 8-638] synthesizing module 'mig_7series_v4_0_ddr_byte_lane__parameterized1' [/home/alessandro/Documents/embedded_prj/vc707/system/vc707_system/vc707_system.srcs/sources_1/ip/mig_7series_0/mig_7series_0/user_design/rtl/phy/mig_7series_v4_0_ddr_byte_lane.v:70]
INFO: [Synth 8-638] synthesizing module 'mig_7series_v4_0_ddr_of_pre_fifo__parameterized4' [/home/alessandro/Documents/embedded_prj/vc707/system/vc707_system/vc707_system.srcs/sources_1/ip/mig_7series_0/mig_7series_0/user_design/rtl/phy/mig_7series_v4_0_ddr_of_pre_fifo.v:76]
INFO: [Synth 8-256] done synthesizing module 'mig_7series_v4_0_ddr_of_pre_fifo__parameterized4' (46#1) [/home/alessandro/Documents/embedded_prj/vc707/system/vc707_system/vc707_system.srcs/sources_1/ip/mig_7series_0/mig_7series_0/user_design/rtl/phy/mig_7series_v4_0_ddr_of_pre_fifo.v:76]
INFO: [Synth 8-638] synthesizing module 'mig_7series_v4_0_ddr_byte_group_io__parameterized1' [/home/alessandro/Documents/embedded_prj/vc707/system/vc707_system/vc707_system.srcs/sources_1/ip/mig_7series_0/mig_7series_0/user_design/rtl/phy/mig_7series_v4_0_ddr_byte_group_io.v:69]
INFO: [Synth 8-638] synthesizing module 'OSERDESE2__parameterized18' [/opt/Xilinx/Vivado/2016.4/scripts/rt/data/unisim_comp.v:25878]
INFO: [Synth 8-256] done synthesizing module 'OSERDESE2__parameterized18' (46#1) [/opt/Xilinx/Vivado/2016.4/scripts/rt/data/unisim_comp.v:25878]
INFO: [Synth 8-638] synthesizing module 'OSERDESE2__parameterized19' [/opt/Xilinx/Vivado/2016.4/scripts/rt/data/unisim_comp.v:25878]
INFO: [Synth 8-256] done synthesizing module 'OSERDESE2__parameterized19' (46#1) [/opt/Xilinx/Vivado/2016.4/scripts/rt/data/unisim_comp.v:25878]
INFO: [Synth 8-638] synthesizing module 'OSERDESE2__parameterized20' [/opt/Xilinx/Vivado/2016.4/scripts/rt/data/unisim_comp.v:25878]
INFO: [Synth 8-256] done synthesizing module 'OSERDESE2__parameterized20' (46#1) [/opt/Xilinx/Vivado/2016.4/scripts/rt/data/unisim_comp.v:25878]
INFO: [Synth 8-638] synthesizing module 'OSERDESE2__parameterized21' [/opt/Xilinx/Vivado/2016.4/scripts/rt/data/unisim_comp.v:25878]
INFO: [Synth 8-256] done synthesizing module 'OSERDESE2__parameterized21' (46#1) [/opt/Xilinx/Vivado/2016.4/scripts/rt/data/unisim_comp.v:25878]
INFO: [Synth 8-638] synthesizing module 'OSERDESE2__parameterized22' [/opt/Xilinx/Vivado/2016.4/scripts/rt/data/unisim_comp.v:25878]
INFO: [Synth 8-256] done synthesizing module 'OSERDESE2__parameterized22' (46#1) [/opt/Xilinx/Vivado/2016.4/scripts/rt/data/unisim_comp.v:25878]
INFO: [Synth 8-638] synthesizing module 'OSERDESE2__parameterized23' [/opt/Xilinx/Vivado/2016.4/scripts/rt/data/unisim_comp.v:25878]
INFO: [Synth 8-256] done synthesizing module 'OSERDESE2__parameterized23' (46#1) [/opt/Xilinx/Vivado/2016.4/scripts/rt/data/unisim_comp.v:25878]
INFO: [Synth 8-638] synthesizing module 'OSERDESE2__parameterized24' [/opt/Xilinx/Vivado/2016.4/scripts/rt/data/unisim_comp.v:25878]
INFO: [Synth 8-256] done synthesizing module 'OSERDESE2__parameterized24' (46#1) [/opt/Xilinx/Vivado/2016.4/scripts/rt/data/unisim_comp.v:25878]
INFO: [Synth 8-638] synthesizing module 'OSERDESE2__parameterized25' [/opt/Xilinx/Vivado/2016.4/scripts/rt/data/unisim_comp.v:25878]
INFO: [Synth 8-256] done synthesizing module 'OSERDESE2__parameterized25' (46#1) [/opt/Xilinx/Vivado/2016.4/scripts/rt/data/unisim_comp.v:25878]
INFO: [Synth 8-638] synthesizing module 'OSERDESE2__parameterized26' [/opt/Xilinx/Vivado/2016.4/scripts/rt/data/unisim_comp.v:25878]
INFO: [Synth 8-256] done synthesizing module 'OSERDESE2__parameterized26' (46#1) [/opt/Xilinx/Vivado/2016.4/scripts/rt/data/unisim_comp.v:25878]
INFO: [Synth 8-256] done synthesizing module 'mig_7series_v4_0_ddr_byte_group_io__parameterized1' (46#1) [/home/alessandro/Documents/embedded_prj/vc707/system/vc707_system/vc707_system.srcs/sources_1/ip/mig_7series_0/mig_7series_0/user_design/rtl/phy/mig_7series_v4_0_ddr_byte_group_io.v:69]
INFO: [Synth 8-256] done synthesizing module 'mig_7series_v4_0_ddr_byte_lane__parameterized1' (46#1) [/home/alessandro/Documents/embedded_prj/vc707/system/vc707_system/vc707_system.srcs/sources_1/ip/mig_7series_0/mig_7series_0/user_design/rtl/phy/mig_7series_v4_0_ddr_byte_lane.v:70]
INFO: [Synth 8-638] synthesizing module 'mig_7series_v4_0_ddr_byte_lane__parameterized2' [/home/alessandro/Documents/embedded_prj/vc707/system/vc707_system/vc707_system.srcs/sources_1/ip/mig_7series_0/mig_7series_0/user_design/rtl/phy/mig_7series_v4_0_ddr_byte_lane.v:70]
INFO: [Synth 8-638] synthesizing module 'mig_7series_v4_0_ddr_of_pre_fifo__parameterized5' [/home/alessandro/Documents/embedded_prj/vc707/system/vc707_system/vc707_system.srcs/sources_1/ip/mig_7series_0/mig_7series_0/user_design/rtl/phy/mig_7series_v4_0_ddr_of_pre_fifo.v:76]
INFO: [Synth 8-256] done synthesizing module 'mig_7series_v4_0_ddr_of_pre_fifo__parameterized5' (46#1) [/home/alessandro/Documents/embedded_prj/vc707/system/vc707_system/vc707_system.srcs/sources_1/ip/mig_7series_0/mig_7series_0/user_design/rtl/phy/mig_7series_v4_0_ddr_of_pre_fifo.v:76]
INFO: [Synth 8-638] synthesizing module 'mig_7series_v4_0_ddr_byte_group_io__parameterized2' [/home/alessandro/Documents/embedded_prj/vc707/system/vc707_system/vc707_system.srcs/sources_1/ip/mig_7series_0/mig_7series_0/user_design/rtl/phy/mig_7series_v4_0_ddr_byte_group_io.v:69]
INFO: [Synth 8-638] synthesizing module 'OSERDESE2__parameterized27' [/opt/Xilinx/Vivado/2016.4/scripts/rt/data/unisim_comp.v:25878]
INFO: [Synth 8-256] done synthesizing module 'OSERDESE2__parameterized27' (46#1) [/opt/Xilinx/Vivado/2016.4/scripts/rt/data/unisim_comp.v:25878]
INFO: [Synth 8-638] synthesizing module 'OSERDESE2__parameterized28' [/opt/Xilinx/Vivado/2016.4/scripts/rt/data/unisim_comp.v:25878]
INFO: [Synth 8-256] done synthesizing module 'OSERDESE2__parameterized28' (46#1) [/opt/Xilinx/Vivado/2016.4/scripts/rt/data/unisim_comp.v:25878]
INFO: [Synth 8-638] synthesizing module 'OSERDESE2__parameterized29' [/opt/Xilinx/Vivado/2016.4/scripts/rt/data/unisim_comp.v:25878]
INFO: [Synth 8-256] done synthesizing module 'OSERDESE2__parameterized29' (46#1) [/opt/Xilinx/Vivado/2016.4/scripts/rt/data/unisim_comp.v:25878]
INFO: [Synth 8-638] synthesizing module 'OSERDESE2__parameterized30' [/opt/Xilinx/Vivado/2016.4/scripts/rt/data/unisim_comp.v:25878]
INFO: [Synth 8-256] done synthesizing module 'OSERDESE2__parameterized30' (46#1) [/opt/Xilinx/Vivado/2016.4/scripts/rt/data/unisim_comp.v:25878]
INFO: [Synth 8-638] synthesizing module 'OSERDESE2__parameterized31' [/opt/Xilinx/Vivado/2016.4/scripts/rt/data/unisim_comp.v:25878]
INFO: [Synth 8-256] done synthesizing module 'OSERDESE2__parameterized31' (46#1) [/opt/Xilinx/Vivado/2016.4/scripts/rt/data/unisim_comp.v:25878]
INFO: [Synth 8-638] synthesizing module 'OSERDESE2__parameterized32' [/opt/Xilinx/Vivado/2016.4/scripts/rt/data/unisim_comp.v:25878]
INFO: [Synth 8-256] done synthesizing module 'OSERDESE2__parameterized32' (46#1) [/opt/Xilinx/Vivado/2016.4/scripts/rt/data/unisim_comp.v:25878]
INFO: [Synth 8-638] synthesizing module 'OSERDESE2__parameterized33' [/opt/Xilinx/Vivado/2016.4/scripts/rt/data/unisim_comp.v:25878]
INFO: [Synth 8-256] done synthesizing module 'OSERDESE2__parameterized33' (46#1) [/opt/Xilinx/Vivado/2016.4/scripts/rt/data/unisim_comp.v:25878]
INFO: [Synth 8-638] synthesizing module 'OSERDESE2__parameterized34' [/opt/Xilinx/Vivado/2016.4/scripts/rt/data/unisim_comp.v:25878]
INFO: [Synth 8-256] done synthesizing module 'OSERDESE2__parameterized34' (46#1) [/opt/Xilinx/Vivado/2016.4/scripts/rt/data/unisim_comp.v:25878]
INFO: [Synth 8-638] synthesizing module 'OSERDESE2__parameterized35' [/opt/Xilinx/Vivado/2016.4/scripts/rt/data/unisim_comp.v:25878]
INFO: [Synth 8-256] done synthesizing module 'OSERDESE2__parameterized35' (46#1) [/opt/Xilinx/Vivado/2016.4/scripts/rt/data/unisim_comp.v:25878]
INFO: [Synth 8-256] done synthesizing module 'mig_7series_v4_0_ddr_byte_group_io__parameterized2' (46#1) [/home/alessandro/Documents/embedded_prj/vc707/system/vc707_system/vc707_system.srcs/sources_1/ip/mig_7series_0/mig_7series_0/user_design/rtl/phy/mig_7series_v4_0_ddr_byte_group_io.v:69]
INFO: [Synth 8-256] done synthesizing module 'mig_7series_v4_0_ddr_byte_lane__parameterized2' (46#1) [/home/alessandro/Documents/embedded_prj/vc707/system/vc707_system/vc707_system.srcs/sources_1/ip/mig_7series_0/mig_7series_0/user_design/rtl/phy/mig_7series_v4_0_ddr_byte_lane.v:70]
INFO: [Synth 8-638] synthesizing module 'BUFIO' [/opt/Xilinx/Vivado/2016.4/scripts/rt/data/unisim_comp.v:831]
INFO: [Synth 8-256] done synthesizing module 'BUFIO' (47#1) [/opt/Xilinx/Vivado/2016.4/scripts/rt/data/unisim_comp.v:831]
INFO: [Synth 8-638] synthesizing module 'PHY_CONTROL' [/opt/Xilinx/Vivado/2016.4/scripts/rt/data/unisim_comp.v:32588]
INFO: [Synth 8-256] done synthesizing module 'PHY_CONTROL' (48#1) [/opt/Xilinx/Vivado/2016.4/scripts/rt/data/unisim_comp.v:32588]
INFO: [Synth 8-638] synthesizing module 'PHASER_REF' [/opt/Xilinx/Vivado/2016.4/scripts/rt/data/unisim_comp.v:32572]
INFO: [Synth 8-256] done synthesizing module 'PHASER_REF' (49#1) [/opt/Xilinx/Vivado/2016.4/scripts/rt/data/unisim_comp.v:32572]
INFO: [Synth 8-256] done synthesizing module 'mig_7series_v4_0_ddr_phy_4lanes' (50#1) [/home/alessandro/Documents/embedded_prj/vc707/system/vc707_system/vc707_system.srcs/sources_1/ip/mig_7series_0/mig_7series_0/user_design/rtl/phy/mig_7series_v4_0_ddr_phy_4lanes.v:72]
INFO: [Synth 8-638] synthesizing module 'mig_7series_v4_0_ddr_phy_4lanes__parameterized0' [/home/alessandro/Documents/embedded_prj/vc707/system/vc707_system/vc707_system.srcs/sources_1/ip/mig_7series_0/mig_7series_0/user_design/rtl/phy/mig_7series_v4_0_ddr_phy_4lanes.v:72]
INFO: [Synth 8-638] synthesizing module 'mig_7series_v4_0_ddr_byte_lane__parameterized3' [/home/alessandro/Documents/embedded_prj/vc707/system/vc707_system/vc707_system.srcs/sources_1/ip/mig_7series_0/mig_7series_0/user_design/rtl/phy/mig_7series_v4_0_ddr_byte_lane.v:70]
INFO: [Synth 8-638] synthesizing module 'mig_7series_v4_0_ddr_of_pre_fifo__parameterized6' [/home/alessandro/Documents/embedded_prj/vc707/system/vc707_system/vc707_system.srcs/sources_1/ip/mig_7series_0/mig_7series_0/user_design/rtl/phy/mig_7series_v4_0_ddr_of_pre_fifo.v:76]
INFO: [Synth 8-256] done synthesizing module 'mig_7series_v4_0_ddr_of_pre_fifo__parameterized6' (50#1) [/home/alessandro/Documents/embedded_prj/vc707/system/vc707_system/vc707_system.srcs/sources_1/ip/mig_7series_0/mig_7series_0/user_design/rtl/phy/mig_7series_v4_0_ddr_of_pre_fifo.v:76]
INFO: [Synth 8-638] synthesizing module 'OBUFDS' [/opt/Xilinx/Vivado/2016.4/scripts/rt/data/unisim_comp.v:21941]
INFO: [Synth 8-256] done synthesizing module 'OBUFDS' (51#1) [/opt/Xilinx/Vivado/2016.4/scripts/rt/data/unisim_comp.v:21941]
INFO: [Synth 8-638] synthesizing module 'PHASER_OUT_PHY__parameterized0' [/opt/Xilinx/Vivado/2016.4/scripts/rt/data/unisim_comp.v:32497]
INFO: [Synth 8-256] done synthesizing module 'PHASER_OUT_PHY__parameterized0' (51#1) [/opt/Xilinx/Vivado/2016.4/scripts/rt/data/unisim_comp.v:32497]
INFO: [Synth 8-638] synthesizing module 'OUT_FIFO__parameterized0' [/opt/Xilinx/Vivado/2016.4/scripts/rt/data/unisim_comp.v:25993]
INFO: [Synth 8-256] done synthesizing module 'OUT_FIFO__parameterized0' (51#1) [/opt/Xilinx/Vivado/2016.4/scripts/rt/data/unisim_comp.v:25993]
INFO: [Synth 8-638] synthesizing module 'mig_7series_v4_0_ddr_byte_group_io__parameterized3' [/home/alessandro/Documents/embedded_prj/vc707/system/vc707_system/vc707_system.srcs/sources_1/ip/mig_7series_0/mig_7series_0/user_design/rtl/phy/mig_7series_v4_0_ddr_byte_group_io.v:69]
INFO: [Synth 8-638] synthesizing module 'OSERDESE2__parameterized36' [/opt/Xilinx/Vivado/2016.4/scripts/rt/data/unisim_comp.v:25878]
INFO: [Synth 8-256] done synthesizing module 'OSERDESE2__parameterized36' (51#1) [/opt/Xilinx/Vivado/2016.4/scripts/rt/data/unisim_comp.v:25878]
INFO: [Synth 8-638] synthesizing module 'OSERDESE2__parameterized37' [/opt/Xilinx/Vivado/2016.4/scripts/rt/data/unisim_comp.v:25878]
INFO: [Synth 8-256] done synthesizing module 'OSERDESE2__parameterized37' (51#1) [/opt/Xilinx/Vivado/2016.4/scripts/rt/data/unisim_comp.v:25878]
INFO: [Synth 8-638] synthesizing module 'OSERDESE2__parameterized38' [/opt/Xilinx/Vivado/2016.4/scripts/rt/data/unisim_comp.v:25878]
INFO: [Synth 8-256] done synthesizing module 'OSERDESE2__parameterized38' (51#1) [/opt/Xilinx/Vivado/2016.4/scripts/rt/data/unisim_comp.v:25878]
INFO: [Synth 8-638] synthesizing module 'OSERDESE2__parameterized39' [/opt/Xilinx/Vivado/2016.4/scripts/rt/data/unisim_comp.v:25878]
INFO: [Synth 8-256] done synthesizing module 'OSERDESE2__parameterized39' (51#1) [/opt/Xilinx/Vivado/2016.4/scripts/rt/data/unisim_comp.v:25878]
INFO: [Synth 8-638] synthesizing module 'OSERDESE2__parameterized40' [/opt/Xilinx/Vivado/2016.4/scripts/rt/data/unisim_comp.v:25878]
INFO: [Synth 8-256] done synthesizing module 'OSERDESE2__parameterized40' (51#1) [/opt/Xilinx/Vivado/2016.4/scripts/rt/data/unisim_comp.v:25878]
INFO: [Synth 8-638] synthesizing module 'OSERDESE2__parameterized41' [/opt/Xilinx/Vivado/2016.4/scripts/rt/data/unisim_comp.v:25878]
INFO: [Synth 8-256] done synthesizing module 'OSERDESE2__parameterized41' (51#1) [/opt/Xilinx/Vivado/2016.4/scripts/rt/data/unisim_comp.v:25878]
INFO: [Synth 8-256] done synthesizing module 'mig_7series_v4_0_ddr_byte_group_io__parameterized3' (51#1) [/home/alessandro/Documents/embedded_prj/vc707/system/vc707_system/vc707_system.srcs/sources_1/ip/mig_7series_0/mig_7series_0/user_design/rtl/phy/mig_7series_v4_0_ddr_byte_group_io.v:69]
INFO: [Synth 8-256] done synthesizing module 'mig_7series_v4_0_ddr_byte_lane__parameterized3' (51#1) [/home/alessandro/Documents/embedded_prj/vc707/system/vc707_system/vc707_system.srcs/sources_1/ip/mig_7series_0/mig_7series_0/user_design/rtl/phy/mig_7series_v4_0_ddr_byte_lane.v:70]
INFO: [Synth 8-638] synthesizing module 'mig_7series_v4_0_ddr_byte_lane__parameterized4' [/home/alessandro/Documents/embedded_prj/vc707/system/vc707_system/vc707_system.srcs/sources_1/ip/mig_7series_0/mig_7series_0/user_design/rtl/phy/mig_7series_v4_0_ddr_byte_lane.v:70]
INFO: [Synth 8-638] synthesizing module 'mig_7series_v4_0_ddr_of_pre_fifo__parameterized7' [/home/alessandro/Documents/embedded_prj/vc707/system/vc707_system/vc707_system.srcs/sources_1/ip/mig_7series_0/mig_7series_0/user_design/rtl/phy/mig_7series_v4_0_ddr_of_pre_fifo.v:76]
INFO: [Synth 8-256] done synthesizing module 'mig_7series_v4_0_ddr_of_pre_fifo__parameterized7' (51#1) [/home/alessandro/Documents/embedded_prj/vc707/system/vc707_system/vc707_system.srcs/sources_1/ip/mig_7series_0/mig_7series_0/user_design/rtl/phy/mig_7series_v4_0_ddr_of_pre_fifo.v:76]
INFO: [Synth 8-638] synthesizing module 'PHASER_OUT_PHY__parameterized1' [/opt/Xilinx/Vivado/2016.4/scripts/rt/data/unisim_comp.v:32497]
INFO: [Synth 8-256] done synthesizing module 'PHASER_OUT_PHY__parameterized1' (51#1) [/opt/Xilinx/Vivado/2016.4/scripts/rt/data/unisim_comp.v:32497]
INFO: [Synth 8-638] synthesizing module 'OUT_FIFO__parameterized1' [/opt/Xilinx/Vivado/2016.4/scripts/rt/data/unisim_comp.v:25993]
INFO: [Synth 8-256] done synthesizing module 'OUT_FIFO__parameterized1' (51#1) [/opt/Xilinx/Vivado/2016.4/scripts/rt/data/unisim_comp.v:25993]
INFO: [Synth 8-638] synthesizing module 'mig_7series_v4_0_ddr_byte_group_io__parameterized4' [/home/alessandro/Documents/embedded_prj/vc707/system/vc707_system/vc707_system.srcs/sources_1/ip/mig_7series_0/mig_7series_0/user_design/rtl/phy/mig_7series_v4_0_ddr_byte_group_io.v:69]
INFO: [Synth 8-638] synthesizing module 'OSERDESE2__parameterized42' [/opt/Xilinx/Vivado/2016.4/scripts/rt/data/unisim_comp.v:25878]
INFO: [Synth 8-256] done synthesizing module 'OSERDESE2__parameterized42' (51#1) [/opt/Xilinx/Vivado/2016.4/scripts/rt/data/unisim_comp.v:25878]
INFO: [Synth 8-638] synthesizing module 'OSERDESE2__parameterized43' [/opt/Xilinx/Vivado/2016.4/scripts/rt/data/unisim_comp.v:25878]
INFO: [Synth 8-256] done synthesizing module 'OSERDESE2__parameterized43' (51#1) [/opt/Xilinx/Vivado/2016.4/scripts/rt/data/unisim_comp.v:25878]
INFO: [Synth 8-638] synthesizing module 'OSERDESE2__parameterized44' [/opt/Xilinx/Vivado/2016.4/scripts/rt/data/unisim_comp.v:25878]
INFO: [Synth 8-256] done synthesizing module 'OSERDESE2__parameterized44' (51#1) [/opt/Xilinx/Vivado/2016.4/scripts/rt/data/unisim_comp.v:25878]
INFO: [Synth 8-638] synthesizing module 'OSERDESE2__parameterized45' [/opt/Xilinx/Vivado/2016.4/scripts/rt/data/unisim_comp.v:25878]
INFO: [Synth 8-256] done synthesizing module 'OSERDESE2__parameterized45' (51#1) [/opt/Xilinx/Vivado/2016.4/scripts/rt/data/unisim_comp.v:25878]
INFO: [Synth 8-638] synthesizing module 'OSERDESE2__parameterized46' [/opt/Xilinx/Vivado/2016.4/scripts/rt/data/unisim_comp.v:25878]
INFO: [Synth 8-256] done synthesizing module 'OSERDESE2__parameterized46' (51#1) [/opt/Xilinx/Vivado/2016.4/scripts/rt/data/unisim_comp.v:25878]
INFO: [Synth 8-638] synthesizing module 'OSERDESE2__parameterized47' [/opt/Xilinx/Vivado/2016.4/scripts/rt/data/unisim_comp.v:25878]
INFO: [Synth 8-256] done synthesizing module 'OSERDESE2__parameterized47' (51#1) [/opt/Xilinx/Vivado/2016.4/scripts/rt/data/unisim_comp.v:25878]
INFO: [Synth 8-256] done synthesizing module 'mig_7series_v4_0_ddr_byte_group_io__parameterized4' (51#1) [/home/alessandro/Documents/embedded_prj/vc707/system/vc707_system/vc707_system.srcs/sources_1/ip/mig_7series_0/mig_7series_0/user_design/rtl/phy/mig_7series_v4_0_ddr_byte_group_io.v:69]
INFO: [Synth 8-256] done synthesizing module 'mig_7series_v4_0_ddr_byte_lane__parameterized4' (51#1) [/home/alessandro/Documents/embedded_prj/vc707/system/vc707_system/vc707_system.srcs/sources_1/ip/mig_7series_0/mig_7series_0/user_design/rtl/phy/mig_7series_v4_0_ddr_byte_lane.v:70]
INFO: [Synth 8-638] synthesizing module 'mig_7series_v4_0_ddr_byte_lane__parameterized5' [/home/alessandro/Documents/embedded_prj/vc707/system/vc707_system/vc707_system.srcs/sources_1/ip/mig_7series_0/mig_7series_0/user_design/rtl/phy/mig_7series_v4_0_ddr_byte_lane.v:70]
INFO: [Synth 8-638] synthesizing module 'mig_7series_v4_0_ddr_of_pre_fifo__parameterized8' [/home/alessandro/Documents/embedded_prj/vc707/system/vc707_system/vc707_system.srcs/sources_1/ip/mig_7series_0/mig_7series_0/user_design/rtl/phy/mig_7series_v4_0_ddr_of_pre_fifo.v:76]
INFO: [Synth 8-256] done synthesizing module 'mig_7series_v4_0_ddr_of_pre_fifo__parameterized8' (51#1) [/home/alessandro/Documents/embedded_prj/vc707/system/vc707_system/vc707_system.srcs/sources_1/ip/mig_7series_0/mig_7series_0/user_design/rtl/phy/mig_7series_v4_0_ddr_of_pre_fifo.v:76]
INFO: [Synth 8-638] synthesizing module 'PHASER_OUT_PHY__parameterized2' [/opt/Xilinx/Vivado/2016.4/scripts/rt/data/unisim_comp.v:32497]
INFO: [Synth 8-256] done synthesizing module 'PHASER_OUT_PHY__parameterized2' (51#1) [/opt/Xilinx/Vivado/2016.4/scripts/rt/data/unisim_comp.v:32497]
INFO: [Synth 8-638] synthesizing module 'OUT_FIFO__parameterized2' [/opt/Xilinx/Vivado/2016.4/scripts/rt/data/unisim_comp.v:25993]
INFO: [Synth 8-256] done synthesizing module 'OUT_FIFO__parameterized2' (51#1) [/opt/Xilinx/Vivado/2016.4/scripts/rt/data/unisim_comp.v:25993]
INFO: [Synth 8-638] synthesizing module 'mig_7series_v4_0_ddr_byte_group_io__parameterized5' [/home/alessandro/Documents/embedded_prj/vc707/system/vc707_system/vc707_system.srcs/sources_1/ip/mig_7series_0/mig_7series_0/user_design/rtl/phy/mig_7series_v4_0_ddr_byte_group_io.v:69]
INFO: [Synth 8-638] synthesizing module 'OSERDESE2__parameterized48' [/opt/Xilinx/Vivado/2016.4/scripts/rt/data/unisim_comp.v:25878]
INFO: [Synth 8-256] done synthesizing module 'OSERDESE2__parameterized48' (51#1) [/opt/Xilinx/Vivado/2016.4/scripts/rt/data/unisim_comp.v:25878]
INFO: [Synth 8-638] synthesizing module 'OSERDESE2__parameterized49' [/opt/Xilinx/Vivado/2016.4/scripts/rt/data/unisim_comp.v:25878]
INFO: [Synth 8-256] done synthesizing module 'OSERDESE2__parameterized49' (51#1) [/opt/Xilinx/Vivado/2016.4/scripts/rt/data/unisim_comp.v:25878]
INFO: [Synth 8-638] synthesizing module 'OSERDESE2__parameterized50' [/opt/Xilinx/Vivado/2016.4/scripts/rt/data/unisim_comp.v:25878]
INFO: [Synth 8-256] done synthesizing module 'OSERDESE2__parameterized50' (51#1) [/opt/Xilinx/Vivado/2016.4/scripts/rt/data/unisim_comp.v:25878]
INFO: [Synth 8-638] synthesizing module 'OSERDESE2__parameterized51' [/opt/Xilinx/Vivado/2016.4/scripts/rt/data/unisim_comp.v:25878]
INFO: [Synth 8-256] done synthesizing module 'OSERDESE2__parameterized51' (51#1) [/opt/Xilinx/Vivado/2016.4/scripts/rt/data/unisim_comp.v:25878]
INFO: [Synth 8-638] synthesizing module 'OSERDESE2__parameterized52' [/opt/Xilinx/Vivado/2016.4/scripts/rt/data/unisim_comp.v:25878]
INFO: [Synth 8-256] done synthesizing module 'OSERDESE2__parameterized52' (51#1) [/opt/Xilinx/Vivado/2016.4/scripts/rt/data/unisim_comp.v:25878]
INFO: [Synth 8-638] synthesizing module 'OSERDESE2__parameterized53' [/opt/Xilinx/Vivado/2016.4/scripts/rt/data/unisim_comp.v:25878]
INFO: [Synth 8-256] done synthesizing module 'OSERDESE2__parameterized53' (51#1) [/opt/Xilinx/Vivado/2016.4/scripts/rt/data/unisim_comp.v:25878]
INFO: [Synth 8-638] synthesizing module 'OSERDESE2__parameterized54' [/opt/Xilinx/Vivado/2016.4/scripts/rt/data/unisim_comp.v:25878]
INFO: [Synth 8-256] done synthesizing module 'OSERDESE2__parameterized54' (51#1) [/opt/Xilinx/Vivado/2016.4/scripts/rt/data/unisim_comp.v:25878]
INFO: [Synth 8-638] synthesizing module 'OSERDESE2__parameterized55' [/opt/Xilinx/Vivado/2016.4/scripts/rt/data/unisim_comp.v:25878]
INFO: [Synth 8-256] done synthesizing module 'OSERDESE2__parameterized55' (51#1) [/opt/Xilinx/Vivado/2016.4/scripts/rt/data/unisim_comp.v:25878]
INFO: [Synth 8-638] synthesizing module 'OSERDESE2__parameterized56' [/opt/Xilinx/Vivado/2016.4/scripts/rt/data/unisim_comp.v:25878]
INFO: [Synth 8-256] done synthesizing module 'OSERDESE2__parameterized56' (51#1) [/opt/Xilinx/Vivado/2016.4/scripts/rt/data/unisim_comp.v:25878]
INFO: [Synth 8-638] synthesizing module 'OSERDESE2__parameterized57' [/opt/Xilinx/Vivado/2016.4/scripts/rt/data/unisim_comp.v:25878]
INFO: [Synth 8-256] done synthesizing module 'OSERDESE2__parameterized57' (51#1) [/opt/Xilinx/Vivado/2016.4/scripts/rt/data/unisim_comp.v:25878]
INFO: [Synth 8-638] synthesizing module 'OSERDESE2__parameterized58' [/opt/Xilinx/Vivado/2016.4/scripts/rt/data/unisim_comp.v:25878]
INFO: [Synth 8-256] done synthesizing module 'OSERDESE2__parameterized58' (51#1) [/opt/Xilinx/Vivado/2016.4/scripts/rt/data/unisim_comp.v:25878]
INFO: [Synth 8-256] done synthesizing module 'mig_7series_v4_0_ddr_byte_group_io__parameterized5' (51#1) [/home/alessandro/Documents/embedded_prj/vc707/system/vc707_system/vc707_system.srcs/sources_1/ip/mig_7series_0/mig_7series_0/user_design/rtl/phy/mig_7series_v4_0_ddr_byte_group_io.v:69]
INFO: [Synth 8-256] done synthesizing module 'mig_7series_v4_0_ddr_byte_lane__parameterized5' (51#1) [/home/alessandro/Documents/embedded_prj/vc707/system/vc707_system/vc707_system.srcs/sources_1/ip/mig_7series_0/mig_7series_0/user_design/rtl/phy/mig_7series_v4_0_ddr_byte_lane.v:70]
INFO: [Synth 8-638] synthesizing module 'PHY_CONTROL__parameterized0' [/opt/Xilinx/Vivado/2016.4/scripts/rt/data/unisim_comp.v:32588]
INFO: [Synth 8-256] done synthesizing module 'PHY_CONTROL__parameterized0' (51#1) [/opt/Xilinx/Vivado/2016.4/scripts/rt/data/unisim_comp.v:32588]
INFO: [Synth 8-256] done synthesizing module 'mig_7series_v4_0_ddr_phy_4lanes__parameterized0' (51#1) [/home/alessandro/Documents/embedded_prj/vc707/system/vc707_system/vc707_system.srcs/sources_1/ip/mig_7series_0/mig_7series_0/user_design/rtl/phy/mig_7series_v4_0_ddr_phy_4lanes.v:72]
INFO: [Synth 8-638] synthesizing module 'mig_7series_v4_0_ddr_phy_4lanes__parameterized1' [/home/alessandro/Documents/embedded_prj/vc707/system/vc707_system/vc707_system.srcs/sources_1/ip/mig_7series_0/mig_7series_0/user_design/rtl/phy/mig_7series_v4_0_ddr_phy_4lanes.v:72]
INFO: [Synth 8-638] synthesizing module 'mig_7series_v4_0_ddr_byte_lane__parameterized6' [/home/alessandro/Documents/embedded_prj/vc707/system/vc707_system/vc707_system.srcs/sources_1/ip/mig_7series_0/mig_7series_0/user_design/rtl/phy/mig_7series_v4_0_ddr_byte_lane.v:70]
INFO: [Synth 8-638] synthesizing module 'mig_7series_v4_0_ddr_of_pre_fifo__parameterized9' [/home/alessandro/Documents/embedded_prj/vc707/system/vc707_system/vc707_system.srcs/sources_1/ip/mig_7series_0/mig_7series_0/user_design/rtl/phy/mig_7series_v4_0_ddr_of_pre_fifo.v:76]
INFO: [Synth 8-256] done synthesizing module 'mig_7series_v4_0_ddr_of_pre_fifo__parameterized9' (51#1) [/home/alessandro/Documents/embedded_prj/vc707/system/vc707_system/vc707_system.srcs/sources_1/ip/mig_7series_0/mig_7series_0/user_design/rtl/phy/mig_7series_v4_0_ddr_of_pre_fifo.v:76]
INFO: [Synth 8-638] synthesizing module 'mig_7series_v4_0_ddr_byte_group_io__parameterized6' [/home/alessandro/Documents/embedded_prj/vc707/system/vc707_system/vc707_system.srcs/sources_1/ip/mig_7series_0/mig_7series_0/user_design/rtl/phy/mig_7series_v4_0_ddr_byte_group_io.v:69]
INFO: [Synth 8-638] synthesizing module 'OSERDESE2__parameterized59' [/opt/Xilinx/Vivado/2016.4/scripts/rt/data/unisim_comp.v:25878]
INFO: [Synth 8-256] done synthesizing module 'OSERDESE2__parameterized59' (51#1) [/opt/Xilinx/Vivado/2016.4/scripts/rt/data/unisim_comp.v:25878]
INFO: [Synth 8-638] synthesizing module 'OSERDESE2__parameterized60' [/opt/Xilinx/Vivado/2016.4/scripts/rt/data/unisim_comp.v:25878]
INFO: [Synth 8-256] done synthesizing module 'OSERDESE2__parameterized60' (51#1) [/opt/Xilinx/Vivado/2016.4/scripts/rt/data/unisim_comp.v:25878]
INFO: [Synth 8-638] synthesizing module 'OSERDESE2__parameterized61' [/opt/Xilinx/Vivado/2016.4/scripts/rt/data/unisim_comp.v:25878]
INFO: [Synth 8-256] done synthesizing module 'OSERDESE2__parameterized61' (51#1) [/opt/Xilinx/Vivado/2016.4/scripts/rt/data/unisim_comp.v:25878]
INFO: [Synth 8-638] synthesizing module 'OSERDESE2__parameterized62' [/opt/Xilinx/Vivado/2016.4/scripts/rt/data/unisim_comp.v:25878]
INFO: [Synth 8-256] done synthesizing module 'OSERDESE2__parameterized62' (51#1) [/opt/Xilinx/Vivado/2016.4/scripts/rt/data/unisim_comp.v:25878]
INFO: [Synth 8-638] synthesizing module 'OSERDESE2__parameterized63' [/opt/Xilinx/Vivado/2016.4/scripts/rt/data/unisim_comp.v:25878]
INFO: [Synth 8-256] done synthesizing module 'OSERDESE2__parameterized63' (51#1) [/opt/Xilinx/Vivado/2016.4/scripts/rt/data/unisim_comp.v:25878]
INFO: [Synth 8-638] synthesizing module 'OSERDESE2__parameterized64' [/opt/Xilinx/Vivado/2016.4/scripts/rt/data/unisim_comp.v:25878]
INFO: [Synth 8-256] done synthesizing module 'OSERDESE2__parameterized64' (51#1) [/opt/Xilinx/Vivado/2016.4/scripts/rt/data/unisim_comp.v:25878]
INFO: [Synth 8-638] synthesizing module 'OSERDESE2__parameterized65' [/opt/Xilinx/Vivado/2016.4/scripts/rt/data/unisim_comp.v:25878]
INFO: [Synth 8-256] done synthesizing module 'OSERDESE2__parameterized65' (51#1) [/opt/Xilinx/Vivado/2016.4/scripts/rt/data/unisim_comp.v:25878]
INFO: [Synth 8-638] synthesizing module 'OSERDESE2__parameterized66' [/opt/Xilinx/Vivado/2016.4/scripts/rt/data/unisim_comp.v:25878]
INFO: [Synth 8-256] done synthesizing module 'OSERDESE2__parameterized66' (51#1) [/opt/Xilinx/Vivado/2016.4/scripts/rt/data/unisim_comp.v:25878]
INFO: [Synth 8-638] synthesizing module 'OSERDESE2__parameterized67' [/opt/Xilinx/Vivado/2016.4/scripts/rt/data/unisim_comp.v:25878]
INFO: [Synth 8-256] done synthesizing module 'OSERDESE2__parameterized67' (51#1) [/opt/Xilinx/Vivado/2016.4/scripts/rt/data/unisim_comp.v:25878]
INFO: [Synth 8-256] done synthesizing module 'mig_7series_v4_0_ddr_byte_group_io__parameterized6' (51#1) [/home/alessandro/Documents/embedded_prj/vc707/system/vc707_system/vc707_system.srcs/sources_1/ip/mig_7series_0/mig_7series_0/user_design/rtl/phy/mig_7series_v4_0_ddr_byte_group_io.v:69]
INFO: [Synth 8-256] done synthesizing module 'mig_7series_v4_0_ddr_byte_lane__parameterized6' (51#1) [/home/alessandro/Documents/embedded_prj/vc707/system/vc707_system/vc707_system.srcs/sources_1/ip/mig_7series_0/mig_7series_0/user_design/rtl/phy/mig_7series_v4_0_ddr_byte_lane.v:70]
INFO: [Synth 8-638] synthesizing module 'mig_7series_v4_0_ddr_byte_lane__parameterized7' [/home/alessandro/Documents/embedded_prj/vc707/system/vc707_system/vc707_system.srcs/sources_1/ip/mig_7series_0/mig_7series_0/user_design/rtl/phy/mig_7series_v4_0_ddr_byte_lane.v:70]
INFO: [Synth 8-638] synthesizing module 'mig_7series_v4_0_ddr_of_pre_fifo__parameterized10' [/home/alessandro/Documents/embedded_prj/vc707/system/vc707_system/vc707_system.srcs/sources_1/ip/mig_7series_0/mig_7series_0/user_design/rtl/phy/mig_7series_v4_0_ddr_of_pre_fifo.v:76]
INFO: [Synth 8-256] done synthesizing module 'mig_7series_v4_0_ddr_of_pre_fifo__parameterized10' (51#1) [/home/alessandro/Documents/embedded_prj/vc707/system/vc707_system/vc707_system.srcs/sources_1/ip/mig_7series_0/mig_7series_0/user_design/rtl/phy/mig_7series_v4_0_ddr_of_pre_fifo.v:76]
INFO: [Synth 8-638] synthesizing module 'mig_7series_v4_0_ddr_byte_group_io__parameterized7' [/home/alessandro/Documents/embedded_prj/vc707/system/vc707_system/vc707_system.srcs/sources_1/ip/mig_7series_0/mig_7series_0/user_design/rtl/phy/mig_7series_v4_0_ddr_byte_group_io.v:69]
INFO: [Synth 8-638] synthesizing module 'OSERDESE2__parameterized68' [/opt/Xilinx/Vivado/2016.4/scripts/rt/data/unisim_comp.v:25878]
INFO: [Synth 8-256] done synthesizing module 'OSERDESE2__parameterized68' (51#1) [/opt/Xilinx/Vivado/2016.4/scripts/rt/data/unisim_comp.v:25878]
INFO: [Synth 8-638] synthesizing module 'OSERDESE2__parameterized69' [/opt/Xilinx/Vivado/2016.4/scripts/rt/data/unisim_comp.v:25878]
INFO: [Synth 8-256] done synthesizing module 'OSERDESE2__parameterized69' (51#1) [/opt/Xilinx/Vivado/2016.4/scripts/rt/data/unisim_comp.v:25878]
INFO: [Synth 8-638] synthesizing module 'OSERDESE2__parameterized70' [/opt/Xilinx/Vivado/2016.4/scripts/rt/data/unisim_comp.v:25878]
INFO: [Synth 8-256] done synthesizing module 'OSERDESE2__parameterized70' (51#1) [/opt/Xilinx/Vivado/2016.4/scripts/rt/data/unisim_comp.v:25878]
INFO: [Synth 8-638] synthesizing module 'OSERDESE2__parameterized71' [/opt/Xilinx/Vivado/2016.4/scripts/rt/data/unisim_comp.v:25878]
INFO: [Synth 8-256] done synthesizing module 'OSERDESE2__parameterized71' (51#1) [/opt/Xilinx/Vivado/2016.4/scripts/rt/data/unisim_comp.v:25878]
INFO: [Synth 8-638] synthesizing module 'OSERDESE2__parameterized72' [/opt/Xilinx/Vivado/2016.4/scripts/rt/data/unisim_comp.v:25878]
INFO: [Synth 8-256] done synthesizing module 'OSERDESE2__parameterized72' (51#1) [/opt/Xilinx/Vivado/2016.4/scripts/rt/data/unisim_comp.v:25878]
INFO: [Synth 8-638] synthesizing module 'OSERDESE2__parameterized73' [/opt/Xilinx/Vivado/2016.4/scripts/rt/data/unisim_comp.v:25878]
INFO: [Synth 8-256] done synthesizing module 'OSERDESE2__parameterized73' (51#1) [/opt/Xilinx/Vivado/2016.4/scripts/rt/data/unisim_comp.v:25878]
INFO: [Synth 8-638] synthesizing module 'OSERDESE2__parameterized74' [/opt/Xilinx/Vivado/2016.4/scripts/rt/data/unisim_comp.v:25878]
INFO: [Synth 8-256] done synthesizing module 'OSERDESE2__parameterized74' (51#1) [/opt/Xilinx/Vivado/2016.4/scripts/rt/data/unisim_comp.v:25878]
INFO: [Synth 8-638] synthesizing module 'OSERDESE2__parameterized75' [/opt/Xilinx/Vivado/2016.4/scripts/rt/data/unisim_comp.v:25878]
INFO: [Synth 8-256] done synthesizing module 'OSERDESE2__parameterized75' (51#1) [/opt/Xilinx/Vivado/2016.4/scripts/rt/data/unisim_comp.v:25878]
INFO: [Synth 8-638] synthesizing module 'OSERDESE2__parameterized76' [/opt/Xilinx/Vivado/2016.4/scripts/rt/data/unisim_comp.v:25878]
INFO: [Synth 8-256] done synthesizing module 'OSERDESE2__parameterized76' (51#1) [/opt/Xilinx/Vivado/2016.4/scripts/rt/data/unisim_comp.v:25878]
INFO: [Synth 8-256] done synthesizing module 'mig_7series_v4_0_ddr_byte_group_io__parameterized7' (51#1) [/home/alessandro/Documents/embedded_prj/vc707/system/vc707_system/vc707_system.srcs/sources_1/ip/mig_7series_0/mig_7series_0/user_design/rtl/phy/mig_7series_v4_0_ddr_byte_group_io.v:69]
INFO: [Synth 8-256] done synthesizing module 'mig_7series_v4_0_ddr_byte_lane__parameterized7' (51#1) [/home/alessandro/Documents/embedded_prj/vc707/system/vc707_system/vc707_system.srcs/sources_1/ip/mig_7series_0/mig_7series_0/user_design/rtl/phy/mig_7series_v4_0_ddr_byte_lane.v:70]
INFO: [Synth 8-638] synthesizing module 'mig_7series_v4_0_ddr_byte_lane__parameterized8' [/home/alessandro/Documents/embedded_prj/vc707/system/vc707_system/vc707_system.srcs/sources_1/ip/mig_7series_0/mig_7series_0/user_design/rtl/phy/mig_7series_v4_0_ddr_byte_lane.v:70]
INFO: [Synth 8-638] synthesizing module 'mig_7series_v4_0_ddr_of_pre_fifo__parameterized11' [/home/alessandro/Documents/embedded_prj/vc707/system/vc707_system/vc707_system.srcs/sources_1/ip/mig_7series_0/mig_7series_0/user_design/rtl/phy/mig_7series_v4_0_ddr_of_pre_fifo.v:76]
INFO: [Synth 8-256] done synthesizing module 'mig_7series_v4_0_ddr_of_pre_fifo__parameterized11' (51#1) [/home/alessandro/Documents/embedded_prj/vc707/system/vc707_system/vc707_system.srcs/sources_1/ip/mig_7series_0/mig_7series_0/user_design/rtl/phy/mig_7series_v4_0_ddr_of_pre_fifo.v:76]
INFO: [Synth 8-638] synthesizing module 'mig_7series_v4_0_ddr_byte_group_io__parameterized8' [/home/alessandro/Documents/embedded_prj/vc707/system/vc707_system/vc707_system.srcs/sources_1/ip/mig_7series_0/mig_7series_0/user_design/rtl/phy/mig_7series_v4_0_ddr_byte_group_io.v:69]
INFO: [Synth 8-638] synthesizing module 'OSERDESE2__parameterized77' [/opt/Xilinx/Vivado/2016.4/scripts/rt/data/unisim_comp.v:25878]
INFO: [Synth 8-256] done synthesizing module 'OSERDESE2__parameterized77' (51#1) [/opt/Xilinx/Vivado/2016.4/scripts/rt/data/unisim_comp.v:25878]
INFO: [Synth 8-638] synthesizing module 'OSERDESE2__parameterized78' [/opt/Xilinx/Vivado/2016.4/scripts/rt/data/unisim_comp.v:25878]
INFO: [Synth 8-256] done synthesizing module 'OSERDESE2__parameterized78' (51#1) [/opt/Xilinx/Vivado/2016.4/scripts/rt/data/unisim_comp.v:25878]
INFO: [Synth 8-638] synthesizing module 'OSERDESE2__parameterized79' [/opt/Xilinx/Vivado/2016.4/scripts/rt/data/unisim_comp.v:25878]
INFO: [Synth 8-256] done synthesizing module 'OSERDESE2__parameterized79' (51#1) [/opt/Xilinx/Vivado/2016.4/scripts/rt/data/unisim_comp.v:25878]
INFO: [Synth 8-638] synthesizing module 'OSERDESE2__parameterized80' [/opt/Xilinx/Vivado/2016.4/scripts/rt/data/unisim_comp.v:25878]
INFO: [Synth 8-256] done synthesizing module 'OSERDESE2__parameterized80' (51#1) [/opt/Xilinx/Vivado/2016.4/scripts/rt/data/unisim_comp.v:25878]
INFO: [Synth 8-638] synthesizing module 'OSERDESE2__parameterized81' [/opt/Xilinx/Vivado/2016.4/scripts/rt/data/unisim_comp.v:25878]
INFO: [Synth 8-256] done synthesizing module 'OSERDESE2__parameterized81' (51#1) [/opt/Xilinx/Vivado/2016.4/scripts/rt/data/unisim_comp.v:25878]
INFO: [Synth 8-638] synthesizing module 'OSERDESE2__parameterized82' [/opt/Xilinx/Vivado/2016.4/scripts/rt/data/unisim_comp.v:25878]
INFO: [Synth 8-256] done synthesizing module 'OSERDESE2__parameterized82' (51#1) [/opt/Xilinx/Vivado/2016.4/scripts/rt/data/unisim_comp.v:25878]
INFO: [Synth 8-638] synthesizing module 'OSERDESE2__parameterized83' [/opt/Xilinx/Vivado/2016.4/scripts/rt/data/unisim_comp.v:25878]
INFO: [Synth 8-256] done synthesizing module 'OSERDESE2__parameterized83' (51#1) [/opt/Xilinx/Vivado/2016.4/scripts/rt/data/unisim_comp.v:25878]
INFO: [Synth 8-638] synthesizing module 'OSERDESE2__parameterized84' [/opt/Xilinx/Vivado/2016.4/scripts/rt/data/unisim_comp.v:25878]
INFO: [Synth 8-256] done synthesizing module 'OSERDESE2__parameterized84' (51#1) [/opt/Xilinx/Vivado/2016.4/scripts/rt/data/unisim_comp.v:25878]
INFO: [Synth 8-638] synthesizing module 'OSERDESE2__parameterized85' [/opt/Xilinx/Vivado/2016.4/scripts/rt/data/unisim_comp.v:25878]
INFO: [Synth 8-256] done synthesizing module 'OSERDESE2__parameterized85' (51#1) [/opt/Xilinx/Vivado/2016.4/scripts/rt/data/unisim_comp.v:25878]
INFO: [Synth 8-256] done synthesizing module 'mig_7series_v4_0_ddr_byte_group_io__parameterized8' (51#1) [/home/alessandro/Documents/embedded_prj/vc707/system/vc707_system/vc707_system.srcs/sources_1/ip/mig_7series_0/mig_7series_0/user_design/rtl/phy/mig_7series_v4_0_ddr_byte_group_io.v:69]
INFO: [Synth 8-256] done synthesizing module 'mig_7series_v4_0_ddr_byte_lane__parameterized8' (51#1) [/home/alessandro/Documents/embedded_prj/vc707/system/vc707_system/vc707_system.srcs/sources_1/ip/mig_7series_0/mig_7series_0/user_design/rtl/phy/mig_7series_v4_0_ddr_byte_lane.v:70]
INFO: [Synth 8-638] synthesizing module 'mig_7series_v4_0_ddr_byte_lane__parameterized9' [/home/alessandro/Documents/embedded_prj/vc707/system/vc707_system/vc707_system.srcs/sources_1/ip/mig_7series_0/mig_7series_0/user_design/rtl/phy/mig_7series_v4_0_ddr_byte_lane.v:70]
INFO: [Synth 8-638] synthesizing module 'mig_7series_v4_0_ddr_of_pre_fifo__parameterized12' [/home/alessandro/Documents/embedded_prj/vc707/system/vc707_system/vc707_system.srcs/sources_1/ip/mig_7series_0/mig_7series_0/user_design/rtl/phy/mig_7series_v4_0_ddr_of_pre_fifo.v:76]
INFO: [Synth 8-256] done synthesizing module 'mig_7series_v4_0_ddr_of_pre_fifo__parameterized12' (51#1) [/home/alessandro/Documents/embedded_prj/vc707/system/vc707_system/vc707_system.srcs/sources_1/ip/mig_7series_0/mig_7series_0/user_design/rtl/phy/mig_7series_v4_0_ddr_of_pre_fifo.v:76]
INFO: [Synth 8-638] synthesizing module 'mig_7series_v4_0_ddr_byte_group_io__parameterized9' [/home/alessandro/Documents/embedded_prj/vc707/system/vc707_system/vc707_system.srcs/sources_1/ip/mig_7series_0/mig_7series_0/user_design/rtl/phy/mig_7series_v4_0_ddr_byte_group_io.v:69]
INFO: [Synth 8-638] synthesizing module 'OSERDESE2__parameterized86' [/opt/Xilinx/Vivado/2016.4/scripts/rt/data/unisim_comp.v:25878]
INFO: [Synth 8-256] done synthesizing module 'OSERDESE2__parameterized86' (51#1) [/opt/Xilinx/Vivado/2016.4/scripts/rt/data/unisim_comp.v:25878]
INFO: [Synth 8-638] synthesizing module 'OSERDESE2__parameterized87' [/opt/Xilinx/Vivado/2016.4/scripts/rt/data/unisim_comp.v:25878]
INFO: [Synth 8-256] done synthesizing module 'OSERDESE2__parameterized87' (51#1) [/opt/Xilinx/Vivado/2016.4/scripts/rt/data/unisim_comp.v:25878]
INFO: [Synth 8-638] synthesizing module 'OSERDESE2__parameterized88' [/opt/Xilinx/Vivado/2016.4/scripts/rt/data/unisim_comp.v:25878]
INFO: [Synth 8-256] done synthesizing module 'OSERDESE2__parameterized88' (51#1) [/opt/Xilinx/Vivado/2016.4/scripts/rt/data/unisim_comp.v:25878]
INFO: [Synth 8-638] synthesizing module 'OSERDESE2__parameterized89' [/opt/Xilinx/Vivado/2016.4/scripts/rt/data/unisim_comp.v:25878]
INFO: [Synth 8-256] done synthesizing module 'OSERDESE2__parameterized89' (51#1) [/opt/Xilinx/Vivado/2016.4/scripts/rt/data/unisim_comp.v:25878]
INFO: [Synth 8-638] synthesizing module 'OSERDESE2__parameterized90' [/opt/Xilinx/Vivado/2016.4/scripts/rt/data/unisim_comp.v:25878]
INFO: [Synth 8-256] done synthesizing module 'OSERDESE2__parameterized90' (51#1) [/opt/Xilinx/Vivado/2016.4/scripts/rt/data/unisim_comp.v:25878]
INFO: [Synth 8-638] synthesizing module 'OSERDESE2__parameterized91' [/opt/Xilinx/Vivado/2016.4/scripts/rt/data/unisim_comp.v:25878]
INFO: [Synth 8-256] done synthesizing module 'OSERDESE2__parameterized91' (51#1) [/opt/Xilinx/Vivado/2016.4/scripts/rt/data/unisim_comp.v:25878]
INFO: [Synth 8-638] synthesizing module 'OSERDESE2__parameterized92' [/opt/Xilinx/Vivado/2016.4/scripts/rt/data/unisim_comp.v:25878]
INFO: [Synth 8-256] done synthesizing module 'OSERDESE2__parameterized92' (51#1) [/opt/Xilinx/Vivado/2016.4/scripts/rt/data/unisim_comp.v:25878]
INFO: [Synth 8-638] synthesizing module 'OSERDESE2__parameterized93' [/opt/Xilinx/Vivado/2016.4/scripts/rt/data/unisim_comp.v:25878]
INFO: [Synth 8-256] done synthesizing module 'OSERDESE2__parameterized93' (51#1) [/opt/Xilinx/Vivado/2016.4/scripts/rt/data/unisim_comp.v:25878]
INFO: [Synth 8-638] synthesizing module 'OSERDESE2__parameterized94' [/opt/Xilinx/Vivado/2016.4/scripts/rt/data/unisim_comp.v:25878]
INFO: [Synth 8-256] done synthesizing module 'OSERDESE2__parameterized94' (51#1) [/opt/Xilinx/Vivado/2016.4/scripts/rt/data/unisim_comp.v:25878]
INFO: [Synth 8-256] done synthesizing module 'mig_7series_v4_0_ddr_byte_group_io__parameterized9' (51#1) [/home/alessandro/Documents/embedded_prj/vc707/system/vc707_system/vc707_system.srcs/sources_1/ip/mig_7series_0/mig_7series_0/user_design/rtl/phy/mig_7series_v4_0_ddr_byte_group_io.v:69]
INFO: [Synth 8-256] done synthesizing module 'mig_7series_v4_0_ddr_byte_lane__parameterized9' (51#1) [/home/alessandro/Documents/embedded_prj/vc707/system/vc707_system/vc707_system.srcs/sources_1/ip/mig_7series_0/mig_7series_0/user_design/rtl/phy/mig_7series_v4_0_ddr_byte_lane.v:70]
INFO: [Synth 8-256] done synthesizing module 'mig_7series_v4_0_ddr_phy_4lanes__parameterized1' (51#1) [/home/alessandro/Documents/embedded_prj/vc707/system/vc707_system/vc707_system.srcs/sources_1/ip/mig_7series_0/mig_7series_0/user_design/rtl/phy/mig_7series_v4_0_ddr_phy_4lanes.v:72]
INFO: [Synth 8-256] done synthesizing module 'mig_7series_v4_0_ddr_mc_phy' (52#1) [/home/alessandro/Documents/embedded_prj/vc707/system/vc707_system/vc707_system.srcs/sources_1/ip/mig_7series_0/mig_7series_0/user_design/rtl/phy/mig_7series_v4_0_ddr_mc_phy.v:70]
INFO: [Synth 8-256] done synthesizing module 'mig_7series_v4_0_ddr_mc_phy_wrapper' (53#1) [/home/alessandro/Documents/embedded_prj/vc707/system/vc707_system/vc707_system.srcs/sources_1/ip/mig_7series_0/mig_7series_0/user_design/rtl/phy/mig_7series_v4_0_ddr_mc_phy_wrapper.v:71]
INFO: [Synth 8-638] synthesizing module 'mig_7series_v4_0_ddr_calib_top' [/home/alessandro/Documents/embedded_prj/vc707/system/vc707_system/vc707_system.srcs/sources_1/ip/mig_7series_0/mig_7series_0/user_design/rtl/phy/mig_7series_v4_0_ddr_calib_top.v:82]
INFO: [Synth 8-638] synthesizing module 'mig_7series_v4_0_ddr_phy_wrlvl' [/home/alessandro/Documents/embedded_prj/vc707/system/vc707_system/vc707_system.srcs/sources_1/ip/mig_7series_0/mig_7series_0/user_design/rtl/phy/mig_7series_v4_0_ddr_phy_wrlvl.v:90]
INFO: [Synth 8-256] done synthesizing module 'mig_7series_v4_0_ddr_phy_wrlvl' (54#1) [/home/alessandro/Documents/embedded_prj/vc707/system/vc707_system/vc707_system.srcs/sources_1/ip/mig_7series_0/mig_7series_0/user_design/rtl/phy/mig_7series_v4_0_ddr_phy_wrlvl.v:90]
INFO: [Synth 8-638] synthesizing module 'mig_7series_v4_0_ddr_phy_ck_addr_cmd_delay' [/home/alessandro/Documents/embedded_prj/vc707/system/vc707_system/vc707_system.srcs/sources_1/ip/mig_7series_0/mig_7series_0/user_design/rtl/phy/mig_7series_v4_0_ddr_phy_ck_addr_cmd_delay.v:68]
INFO: [Synth 8-256] done synthesizing module 'mig_7series_v4_0_ddr_phy_ck_addr_cmd_delay' (55#1) [/home/alessandro/Documents/embedded_prj/vc707/system/vc707_system/vc707_system.srcs/sources_1/ip/mig_7series_0/mig_7series_0/user_design/rtl/phy/mig_7series_v4_0_ddr_phy_ck_addr_cmd_delay.v:68]
INFO: [Synth 8-638] synthesizing module 'mig_7series_v4_0_ddr_phy_dqs_found_cal' [/home/alessandro/Documents/embedded_prj/vc707/system/vc707_system/vc707_system.srcs/sources_1/ip/mig_7series_0/mig_7series_0/user_design/rtl/phy/mig_7series_v4_0_ddr_phy_dqs_found_cal.v:79]
INFO: [Synth 8-256] done synthesizing module 'mig_7series_v4_0_ddr_phy_dqs_found_cal' (56#1) [/home/alessandro/Documents/embedded_prj/vc707/system/vc707_system/vc707_system.srcs/sources_1/ip/mig_7series_0/mig_7series_0/user_design/rtl/phy/mig_7series_v4_0_ddr_phy_dqs_found_cal.v:79]
INFO: [Synth 8-638] synthesizing module 'mig_7series_v4_0_ddr_phy_rdlvl' [/home/alessandro/Documents/embedded_prj/vc707/system/vc707_system/vc707_system.srcs/sources_1/ip/mig_7series_0/mig_7series_0/user_design/rtl/phy/mig_7series_v4_0_ddr_phy_rdlvl.v:81]
INFO: [Synth 8-256] done synthesizing module 'mig_7series_v4_0_ddr_phy_rdlvl' (57#1) [/home/alessandro/Documents/embedded_prj/vc707/system/vc707_system/vc707_system.srcs/sources_1/ip/mig_7series_0/mig_7series_0/user_design/rtl/phy/mig_7series_v4_0_ddr_phy_rdlvl.v:81]
INFO: [Synth 8-638] synthesizing module 'mig_7series_v4_0_ddr_phy_prbs_rdlvl' [/home/alessandro/Documents/embedded_prj/vc707/system/vc707_system/vc707_system.srcs/sources_1/ip/mig_7series_0/mig_7series_0/user_design/rtl/phy/mig_7series_v4_0_ddr_phy_prbs_rdlvl.v:79]
INFO: [Synth 8-256] done synthesizing module 'mig_7series_v4_0_ddr_phy_prbs_rdlvl' (58#1) [/home/alessandro/Documents/embedded_prj/vc707/system/vc707_system/vc707_system.srcs/sources_1/ip/mig_7series_0/mig_7series_0/user_design/rtl/phy/mig_7series_v4_0_ddr_phy_prbs_rdlvl.v:79]
INFO: [Synth 8-638] synthesizing module 'mig_7series_v4_0_ddr_prbs_gen' [/home/alessandro/Documents/embedded_prj/vc707/system/vc707_system/vc707_system.srcs/sources_1/ip/mig_7series_0/mig_7series_0/user_design/rtl/phy/mig_7series_v4_0_ddr_prbs_gen.v:92]
INFO: [Synth 8-256] done synthesizing module 'mig_7series_v4_0_ddr_prbs_gen' (59#1) [/home/alessandro/Documents/embedded_prj/vc707/system/vc707_system/vc707_system.srcs/sources_1/ip/mig_7series_0/mig_7series_0/user_design/rtl/phy/mig_7series_v4_0_ddr_prbs_gen.v:92]
INFO: [Synth 8-638] synthesizing module 'mig_7series_v4_0_ddr_phy_init' [/home/alessandro/Documents/embedded_prj/vc707/system/vc707_system/vc707_system.srcs/sources_1/ip/mig_7series_0/mig_7series_0/user_design/rtl/phy/mig_7series_v4_0_ddr_phy_init.v:89]
INFO: [Synth 8-256] done synthesizing module 'mig_7series_v4_0_ddr_phy_init' (60#1) [/home/alessandro/Documents/embedded_prj/vc707/system/vc707_system/vc707_system.srcs/sources_1/ip/mig_7series_0/mig_7series_0/user_design/rtl/phy/mig_7series_v4_0_ddr_phy_init.v:89]
INFO: [Synth 8-638] synthesizing module 'mig_7series_v4_0_ddr_phy_wrcal' [/home/alessandro/Documents/embedded_prj/vc707/system/vc707_system/vc707_system.srcs/sources_1/ip/mig_7series_0/mig_7series_0/user_design/rtl/phy/mig_7series_v4_0_ddr_phy_wrcal.v:77]
INFO: [Synth 8-256] done synthesizing module 'mig_7series_v4_0_ddr_phy_wrcal' (61#1) [/home/alessandro/Documents/embedded_prj/vc707/system/vc707_system/vc707_system.srcs/sources_1/ip/mig_7series_0/mig_7series_0/user_design/rtl/phy/mig_7series_v4_0_ddr_phy_wrcal.v:77]
INFO: [Synth 8-638] synthesizing module 'mig_7series_v4_0_ddr_phy_tempmon' [/home/alessandro/Documents/embedded_prj/vc707/system/vc707_system/vc707_system.srcs/sources_1/ip/mig_7series_0/mig_7series_0/user_design/rtl/phy/mig_7series_v4_0_ddr_phy_tempmon.v:69]
INFO: [Synth 8-256] done synthesizing module 'mig_7series_v4_0_ddr_phy_tempmon' (62#1) [/home/alessandro/Documents/embedded_prj/vc707/system/vc707_system/vc707_system.srcs/sources_1/ip/mig_7series_0/mig_7series_0/user_design/rtl/phy/mig_7series_v4_0_ddr_phy_tempmon.v:69]
INFO: [Synth 8-256] done synthesizing module 'mig_7series_v4_0_ddr_calib_top' (63#1) [/home/alessandro/Documents/embedded_prj/vc707/system/vc707_system/vc707_system.srcs/sources_1/ip/mig_7series_0/mig_7series_0/user_design/rtl/phy/mig_7series_v4_0_ddr_calib_top.v:82]
INFO: [Synth 8-256] done synthesizing module 'mig_7series_v4_0_ddr_phy_top' (64#1) [/home/alessandro/Documents/embedded_prj/vc707/system/vc707_system/vc707_system.srcs/sources_1/ip/mig_7series_0/mig_7series_0/user_design/rtl/phy/mig_7series_v4_0_ddr_phy_top.v:70]
INFO: [Synth 8-256] done synthesizing module 'mig_7series_v4_0_mem_intfc' (65#1) [/home/alessandro/Documents/embedded_prj/vc707/system/vc707_system/vc707_system.srcs/sources_1/ip/mig_7series_0/mig_7series_0/user_design/rtl/ip_top/mig_7series_v4_0_mem_intfc.v:70]
INFO: [Synth 8-638] synthesizing module 'mig_7series_v4_0_ui_top' [/home/alessandro/Documents/embedded_prj/vc707/system/vc707_system/vc707_system.srcs/sources_1/ip/mig_7series_0/mig_7series_0/user_design/rtl/ui/mig_7series_v4_0_ui_top.v:71]
INFO: [Synth 8-638] synthesizing module 'mig_7series_v4_0_ui_cmd' [/home/alessandro/Documents/embedded_prj/vc707/system/vc707_system/vc707_system.srcs/sources_1/ip/mig_7series_0/mig_7series_0/user_design/rtl/ui/mig_7series_v4_0_ui_cmd.v:70]
INFO: [Synth 8-256] done synthesizing module 'mig_7series_v4_0_ui_cmd' (66#1) [/home/alessandro/Documents/embedded_prj/vc707/system/vc707_system/vc707_system.srcs/sources_1/ip/mig_7series_0/mig_7series_0/user_design/rtl/ui/mig_7series_v4_0_ui_cmd.v:70]
INFO: [Synth 8-638] synthesizing module 'mig_7series_v4_0_ui_wr_data' [/home/alessandro/Documents/embedded_prj/vc707/system/vc707_system/vc707_system.srcs/sources_1/ip/mig_7series_0/mig_7series_0/user_design/rtl/ui/mig_7series_v4_0_ui_wr_data.v:131]
INFO: [Synth 8-256] done synthesizing module 'mig_7series_v4_0_ui_wr_data' (67#1) [/home/alessandro/Documents/embedded_prj/vc707/system/vc707_system/vc707_system.srcs/sources_1/ip/mig_7series_0/mig_7series_0/user_design/rtl/ui/mig_7series_v4_0_ui_wr_data.v:131]
INFO: [Synth 8-638] synthesizing module 'mig_7series_v4_0_ui_rd_data' [/home/alessandro/Documents/embedded_prj/vc707/system/vc707_system/vc707_system.srcs/sources_1/ip/mig_7series_0/mig_7series_0/user_design/rtl/ui/mig_7series_v4_0_ui_rd_data.v:140]
INFO: [Synth 8-256] done synthesizing module 'mig_7series_v4_0_ui_rd_data' (68#1) [/home/alessandro/Documents/embedded_prj/vc707/system/vc707_system/vc707_system.srcs/sources_1/ip/mig_7series_0/mig_7series_0/user_design/rtl/ui/mig_7series_v4_0_ui_rd_data.v:140]
INFO: [Synth 8-256] done synthesizing module 'mig_7series_v4_0_ui_top' (69#1) [/home/alessandro/Documents/embedded_prj/vc707/system/vc707_system/vc707_system.srcs/sources_1/ip/mig_7series_0/mig_7series_0/user_design/rtl/ui/mig_7series_v4_0_ui_top.v:71]
INFO: [Synth 8-256] done synthesizing module 'mig_7series_v4_0_memc_ui_top_std' (70#1) [/home/alessandro/Documents/embedded_prj/vc707/system/vc707_system/vc707_system.srcs/sources_1/ip/mig_7series_0/mig_7series_0/user_design/rtl/ip_top/mig_7series_v4_0_memc_ui_top_std.v:72]
INFO: [Synth 8-256] done synthesizing module 'mig_7series_0_mig' (71#1) [/home/alessandro/Documents/embedded_prj/vc707/system/vc707_system/vc707_system.srcs/sources_1/ip/mig_7series_0/mig_7series_0/user_design/rtl/mig_7series_0_mig.v:75]
INFO: [Synth 8-256] done synthesizing module 'mig_7series_0' (72#1) [/home/alessandro/Documents/embedded_prj/vc707/system/vc707_system/vc707_system.srcs/sources_1/ip/mig_7series_0/mig_7series_0/user_design/rtl/mig_7series_0.v:70]
Finished RTL Elaboration : Time (s): cpu = 00:00:19 ; elapsed = 00:00:19 . Memory (MB): peak = 1453.875 ; gain = 516.504 ; free physical = 982 ; free virtual = 13283
Finished RTL Optimization Phase 1 : Time (s): cpu = 00:00:21 ; elapsed = 00:00:22 . Memory (MB): peak = 1453.875 ; gain = 516.504 ; free physical = 983 ; free virtual = 13283
INFO: [Device 21-403] Loading part xc7vx485tffg1761-2
Constraint Validation Runtime : Time (s): cpu = 00:00:00.45 ; elapsed = 00:00:00.22 . Memory (MB): peak = 1897.062 ; gain = 0.000 ; free physical = 586 ; free virtual = 12987
Finished Constraint Validation : Time (s): cpu = 00:00:49 ; elapsed = 00:00:48 . Memory (MB): peak = 1897.062 ; gain = 959.691 ; free physical = 585 ; free virtual = 12987
Finished RTL Optimization Phase 2 : Time (s): cpu = 00:01:16 ; elapsed = 00:01:15 . Memory (MB): peak = 1897.062 ; gain = 959.691 ; free physical = 124 ; free virtual = 11211
Finished Cross Boundary and Area Optimization : Time (s): cpu = 00:02:50 ; elapsed = 00:02:53 . Memory (MB): peak = 1917.445 ; gain = 980.074 ; free physical = 143 ; free virtual = 10889
---------------------------------------------------------------------------------
Start ROM, RAM, DSP and Shift Register Reporting
---------------------------------------------------------------------------------

ROM:
+------------------------------+------------+---------------+----------------+
|Module Name                   | RTL Object | Depth x Width | Implemented As | 
+------------------------------+------------+---------------+----------------+
|mig_7series_v4_0_ddr_prbs_gen | mem_out    | 256x18        | LUT            | 
|mig_7series_v4_0_ddr_prbs_gen | mem_out    | 256x18        | LUT            | 
+------------------------------+------------+---------------+----------------+


Distributed RAM: Preliminary Mapping  Report (see note below)
+-------------------------------+---------------------------------------------------------------------------+-----------+----------------------+---------------+
|Module Name                    | RTL Object                                                                | Inference | Size (Depth x Width) | Primitives    | 
+-------------------------------+---------------------------------------------------------------------------+-----------+----------------------+---------------+
|mig_7series_0                  | of_pre_fifo_gen.u_ddr_of_pre_fifo/mem_reg                                 | Implied   | 16 x 80              | RAM32M x 14   | 
|mig_7series_0                  | ddr_byte_lane_C.ddr_byte_lane_C/of_pre_fifo_gen.u_ddr_of_pre_fifo/mem_reg | Implied   | 16 x 80              | RAM32M x 14   | 
|mig_7series_0                  | ddr_byte_lane_D.ddr_byte_lane_D/of_pre_fifo_gen.u_ddr_of_pre_fifo/mem_reg | Implied   | 16 x 80              | RAM32M x 14   | 
|mig_7series_v4_0_ddr_byte_lane | dq_gen_40.if_post_fifo_gen.u_ddr_if_post_fifo/mem_reg                     | Implied   | 4 x 80               | RAM32M x 14   | 
|mig_7series_v4_0_ddr_byte_lane | of_pre_fifo_gen.u_ddr_of_pre_fifo/mem_reg                                 | Implied   | 16 x 80              | RAM32M x 14   | 
|mig_7series_v4_0_ddr_byte_lane | dq_gen_40.if_post_fifo_gen.u_ddr_if_post_fifo/mem_reg                     | Implied   | 4 x 80               | RAM32M x 14   | 
|mig_7series_v4_0_ddr_byte_lane | of_pre_fifo_gen.u_ddr_of_pre_fifo/mem_reg                                 | Implied   | 16 x 80              | RAM32M x 14   | 
|mig_7series_v4_0_ddr_byte_lane | dq_gen_40.if_post_fifo_gen.u_ddr_if_post_fifo/mem_reg                     | Implied   | 4 x 80               | RAM32M x 14   | 
|mig_7series_v4_0_ddr_byte_lane | of_pre_fifo_gen.u_ddr_of_pre_fifo/mem_reg                                 | Implied   | 16 x 80              | RAM32M x 14   | 
|mig_7series_v4_0_ddr_byte_lane | dq_gen_40.if_post_fifo_gen.u_ddr_if_post_fifo/mem_reg                     | Implied   | 4 x 80               | RAM32M x 14   | 
|mig_7series_v4_0_ddr_byte_lane | of_pre_fifo_gen.u_ddr_of_pre_fifo/mem_reg                                 | Implied   | 16 x 80              | RAM32M x 14   | 
|mig_7series_v4_0_ddr_byte_lane | dq_gen_40.if_post_fifo_gen.u_ddr_if_post_fifo/mem_reg                     | Implied   | 4 x 80               | RAM32M x 14   | 
|mig_7series_v4_0_ddr_byte_lane | of_pre_fifo_gen.u_ddr_of_pre_fifo/mem_reg                                 | Implied   | 16 x 80              | RAM32M x 14   | 
|mig_7series_v4_0_ddr_byte_lane | dq_gen_40.if_post_fifo_gen.u_ddr_if_post_fifo/mem_reg                     | Implied   | 4 x 80               | RAM32M x 14   | 
|mig_7series_v4_0_ddr_byte_lane | of_pre_fifo_gen.u_ddr_of_pre_fifo/mem_reg                                 | Implied   | 16 x 80              | RAM32M x 14   | 
|mig_7series_v4_0_ddr_byte_lane | dq_gen_40.if_post_fifo_gen.u_ddr_if_post_fifo/mem_reg                     | Implied   | 4 x 80               | RAM32M x 14   | 
|mig_7series_v4_0_ddr_byte_lane | of_pre_fifo_gen.u_ddr_of_pre_fifo/mem_reg                                 | Implied   | 16 x 80              | RAM32M x 14   | 
|mig_7series_v4_0_ddr_byte_lane | dq_gen_40.if_post_fifo_gen.u_ddr_if_post_fifo/mem_reg                     | Implied   | 4 x 80               | RAM32M x 14   | 
|mig_7series_v4_0_ddr_byte_lane | of_pre_fifo_gen.u_ddr_of_pre_fifo/mem_reg                                 | Implied   | 16 x 80              | RAM32M x 14   | 
+-------------------------------+---------------------------------------------------------------------------+-----------+----------------------+---------------+

Note: The table above is a preliminary report that shows the Distributed RAMs at the current stage of the synthesis flow. Some Distributed RAMs may be reimplemented as non Distributed RAM primitives later in the synthesis flow. Multiple instantiated RAMs are reported only once.
---------------------------------------------------------------------------------
Finished ROM, RAM, DSP and Shift Register Reporting
---------------------------------------------------------------------------------
Finished Applying XDC Timing Constraints : Time (s): cpu = 00:02:58 ; elapsed = 00:03:01 . Memory (MB): peak = 1992.734 ; gain = 1055.363 ; free physical = 119 ; free virtual = 10812
Finished Timing Optimization : Time (s): cpu = 00:03:05 ; elapsed = 00:03:08 . Memory (MB): peak = 2005.734 ; gain = 1068.363 ; free physical = 132 ; free virtual = 10798
Finished Technology Mapping : Time (s): cpu = 00:03:14 ; elapsed = 00:03:17 . Memory (MB): peak = 2033.094 ; gain = 1095.723 ; free physical = 128 ; free virtual = 10772
Finished IO Insertion : Time (s): cpu = 00:03:16 ; elapsed = 00:03:18 . Memory (MB): peak = 2033.094 ; gain = 1095.723 ; free physical = 127 ; free virtual = 10772
Finished Renaming Generated Instances : Time (s): cpu = 00:03:16 ; elapsed = 00:03:19 . Memory (MB): peak = 2033.094 ; gain = 1095.723 ; free physical = 127 ; free virtual = 10772
Finished Rebuilding User Hierarchy : Time (s): cpu = 00:03:19 ; elapsed = 00:03:22 . Memory (MB): peak = 2033.094 ; gain = 1095.723 ; free physical = 132 ; free virtual = 10773
Finished Renaming Generated Ports : Time (s): cpu = 00:03:19 ; elapsed = 00:03:22 . Memory (MB): peak = 2033.094 ; gain = 1095.723 ; free physical = 132 ; free virtual = 10773
Finished Handling Custom Attributes : Time (s): cpu = 00:03:20 ; elapsed = 00:03:23 . Memory (MB): peak = 2033.094 ; gain = 1095.723 ; free physical = 132 ; free virtual = 10773
Finished Renaming Generated Nets : Time (s): cpu = 00:03:20 ; elapsed = 00:03:23 . Memory (MB): peak = 2033.094 ; gain = 1095.723 ; free physical = 132 ; free virtual = 10773

Report Cell Usage: 
+------+-----------------------+------+
|      |Cell                   |Count |
+------+-----------------------+------+
|1     |BUFG                   |     3|
|2     |BUFH                   |     1|
|3     |BUFIO                  |     3|
|4     |CARRY4                 |   115|
|5     |IDDR                   |     8|
|6     |IDELAYCTRL             |     1|
|7     |IDELAYE2               |    64|
|8     |IN_FIFO                |     8|
|9     |ISERDESE2              |    64|
|10    |LUT1                   |   496|
|11    |LUT2                   |   669|
|12    |LUT3                   |  2756|
|13    |LUT4                   |  1128|
|14    |LUT5                   |  1578|
|15    |LUT6                   |  2146|
|16    |MMCME2_ADV             |     1|
|17    |MUXF7                  |   246|
|18    |ODDR                   |    17|
|19    |OSERDESE2              |    23|
|20    |OSERDESE2_1            |     8|
|21    |OSERDESE2_2            |    72|
|22    |OUT_FIFO               |     3|
|23    |OUT_FIFO_1             |     8|
|24    |PHASER_IN_PHY          |     8|
|25    |PHASER_OUT_PHY         |     3|
|26    |PHASER_OUT_PHY_1       |     8|
|27    |PHASER_REF             |     3|
|28    |PHY_CONTROL            |     3|
|29    |PLLE2_ADV              |     1|
|30    |RAM32M                 |   424|
|31    |SRL16E                 |    16|
|32    |SRLC32E                |     1|
|33    |XADC                   |     1|
|34    |XORCY                  |     6|
|35    |FDCE                   |     4|
|36    |FDPE                   |    81|
|37    |FDRE                   |  6414|
|38    |FDSE                   |   250|
|39    |IBUF                   |     1|
|40    |IOBUFDS_DIFF_OUT_DCIEN |     8|
|41    |IOBUF_DCIEN            |    64|
|42    |OBUF                   |    24|
|43    |OBUFDS                 |     1|
|44    |OBUFT                  |     8|
+------+-----------------------+------+
Finished Writing Synthesis Report : Time (s): cpu = 00:03:20 ; elapsed = 00:03:23 . Memory (MB): peak = 2033.094 ; gain = 1095.723 ; free physical = 132 ; free virtual = 10773
synth_design: Time (s): cpu = 00:03:25 ; elapsed = 00:03:30 . Memory (MB): peak = 2104.316 ; gain = 1038.441 ; free physical = 2061 ; free virtual = 12713
write_checkpoint: Time (s): cpu = 00:00:06 ; elapsed = 00:00:05 . Memory (MB): peak = 2128.328 ; gain = 24.012 ; free physical = 2057 ; free virtual = 12713
